CRITICAL - 2024-08-12 01:55:55 --> ErrorException: Undefined variable $conn
[Method: GET, Route: datasiswa]
in APPPATH\Views\datasiswa.php on line 60.
 1 APPPATH\Views\datasiswa.php(60): CodeIgniter\Debug\Exceptions->errorHandler(2, 'Undefined variable $conn', 'C:\\xampp\\htdocs\\projek-spp\\app\\Views\\datasiswa.php', 60)
 2 SYSTEMPATH\View\View.php(234): include('C:\\xampp\\htdocs\\projek-spp\\app\\Views\\datasiswa.php')
 3 SYSTEMPATH\View\View.php(237): CodeIgniter\View\View->CodeIgniter\View\{closure}()
 4 SYSTEMPATH\Common.php(1169): CodeIgniter\View\View->render('datasiswa', [], true)
 5 APPPATH\Controllers\Datasiswa.php(17): view('datasiswa', [...])
 6 SYSTEMPATH\CodeIgniter.php(933): App\Controllers\Datasiswa->index()
 7 SYSTEMPATH\CodeIgniter.php(509): CodeIgniter\CodeIgniter->runController(Object(App\Controllers\Datasiswa))
 8 SYSTEMPATH\CodeIgniter.php(355): CodeIgniter\CodeIgniter->handleRequest(null, Object(Config\Cache), false)
 9 SYSTEMPATH\Boot.php(325): CodeIgniter\CodeIgniter->run()
10 SYSTEMPATH\Boot.php(67): CodeIgniter\Boot::runCodeIgniter(Object(CodeIgniter\CodeIgniter))
11 FCPATH\index.php(56): CodeIgniter\Boot::bootWeb(Object(Config\Paths))
12 SYSTEMPATH\rewrite.php(44): require_once('C:\\xampp\\htdocs\\projek-spp\\public\\index.php')
CRITICAL - 2024-08-12 02:06:14 --> ErrorException: Undefined variable $conn
[Method: GET, Route: datasiswa]
in APPPATH\Views\datasiswa.php on line 60.
 1 APPPATH\Views\datasiswa.php(60): CodeIgniter\Debug\Exceptions->errorHandler(2, 'Undefined variable $conn', 'C:\\xampp\\htdocs\\projek-spp\\app\\Views\\datasiswa.php', 60)
 2 SYSTEMPATH\View\View.php(234): include('C:\\xampp\\htdocs\\projek-spp\\app\\Views\\datasiswa.php')
 3 SYSTEMPATH\View\View.php(237): CodeIgniter\View\View->CodeIgniter\View\{closure}()
 4 SYSTEMPATH\Common.php(1169): CodeIgniter\View\View->render('datasiswa', [], true)
 5 APPPATH\Controllers\Datasiswa.php(17): view('datasiswa', [...])
 6 SYSTEMPATH\CodeIgniter.php(933): App\Controllers\Datasiswa->index()
 7 SYSTEMPATH\CodeIgniter.php(509): CodeIgniter\CodeIgniter->runController(Object(App\Controllers\Datasiswa))
 8 SYSTEMPATH\CodeIgniter.php(355): CodeIgniter\CodeIgniter->handleRequest(null, Object(Config\Cache), false)
 9 SYSTEMPATH\Boot.php(325): CodeIgniter\CodeIgniter->run()
10 SYSTEMPATH\Boot.php(67): CodeIgniter\Boot::runCodeIgniter(Object(CodeIgniter\CodeIgniter))
11 FCPATH\index.php(56): CodeIgniter\Boot::bootWeb(Object(Config\Paths))
12 SYSTEMPATH\rewrite.php(44): require_once('C:\\xampp\\htdocs\\projek-spp\\public\\index.php')
CRITICAL - 2024-08-12 03:35:07 --> InvalidArgumentException: "default" is not a valid database connection group.
[Method: GET, Route: datasiswa]
in SYSTEMPATH\Database\Config.php on line 72.
 1 SYSTEMPATH\Model.php(155): CodeIgniter\Database\Config::connect('default')
 2 APPPATH\Controllers\Datasiswa.php(11): CodeIgniter\Model->__construct()
 3 SYSTEMPATH\CodeIgniter.php(903): App\Controllers\Datasiswa->__construct()
 4 SYSTEMPATH\CodeIgniter.php(500): CodeIgniter\CodeIgniter->createController()
 5 SYSTEMPATH\CodeIgniter.php(355): CodeIgniter\CodeIgniter->handleRequest(null, Object(Config\Cache), false)
 6 SYSTEMPATH\Boot.php(325): CodeIgniter\CodeIgniter->run()
 7 SYSTEMPATH\Boot.php(67): CodeIgniter\Boot::runCodeIgniter(Object(CodeIgniter\CodeIgniter))
 8 FCPATH\index.php(56): CodeIgniter\Boot::bootWeb(Object(Config\Paths))
 9 SYSTEMPATH\rewrite.php(44): require_once('C:\\xampp\\htdocs\\projek-spp\\public\\index.php')
CRITICAL - 2024-08-12 03:35:41 --> ParseError: Unterminated comment starting line 57
[Method: GET, Route: datasiswa]
in APPPATH\Config\Database.php on line 57.
 1 SYSTEMPATH\Autoloader\Autoloader.php(296): CodeIgniter\Autoloader\Autoloader->includeFile('C:\\xampp\\htdocs\\projek-spp\\app\\Config\\Database.php')
 2 SYSTEMPATH\Autoloader\Autoloader.php(272): CodeIgniter\Autoloader\Autoloader->loadInNamespace('Config\\Database')
 3 SYSTEMPATH\Debug\Toolbar\Collectors\Database.php(258): CodeIgniter\Autoloader\Autoloader->loadClass('Config\\Database')
 4 SYSTEMPATH\Debug\Toolbar\Collectors\Database.php(75): CodeIgniter\Debug\Toolbar\Collectors\Database->getConnections()
 5 SYSTEMPATH\Debug\Toolbar.php(68): CodeIgniter\Debug\Toolbar\Collectors\Database->__construct()
 6 SYSTEMPATH\Config\Services.php(796): CodeIgniter\Debug\Toolbar->__construct(Object(Config\Toolbar))
 7 SYSTEMPATH\Config\BaseService.php(312): CodeIgniter\Config\Services::toolbar(Object(Config\Toolbar), false)
 8 SYSTEMPATH\Config\BaseService.php(251): CodeIgniter\Config\BaseService::__callStatic('toolbar', [...])
 9 SYSTEMPATH\Config\Services.php(791): CodeIgniter\Config\BaseService::getSharedInstance('toolbar', null)
10 SYSTEMPATH\Config\BaseService.php(321): CodeIgniter\Config\Services::toolbar()
11 APPPATH\Config\Events.php(47): CodeIgniter\Config\BaseService::__callStatic('toolbar', [])
12 SYSTEMPATH\Events\Events.php(155): CodeIgniter\Events\Events::Config\{closure}()
13 SYSTEMPATH\CodeIgniter.php(340): CodeIgniter\Events\Events::trigger('pre_system')
14 SYSTEMPATH\Boot.php(325): CodeIgniter\CodeIgniter->run()
15 SYSTEMPATH\Boot.php(67): CodeIgniter\Boot::runCodeIgniter(Object(CodeIgniter\CodeIgniter))
16 FCPATH\index.php(56): CodeIgniter\Boot::bootWeb(Object(Config\Paths))
17 SYSTEMPATH\rewrite.php(44): require_once('C:\\xampp\\htdocs\\projek-spp\\public\\index.php')
CRITICAL - 2024-08-12 03:35:56 --> TypeError: mysqli_connect(): Argument #5 ($port) must be of type ?int, string given
[Method: GET, Route: datasiswa]
in APPPATH\Views\koneksi.php on line 2.
 1 APPPATH\Views\koneksi.php(2): mysqli_connect('localhost', '', Object(SensitiveParameterValue), '', 'webspp')
 2 APPPATH\Views\datasiswa.php(2): include('C:\\xampp\\htdocs\\projek-spp\\app\\Views\\koneksi.php')
 3 SYSTEMPATH\View\View.php(234): include('C:\\xampp\\htdocs\\projek-spp\\app\\Views\\datasiswa.php')
 4 SYSTEMPATH\View\View.php(237): CodeIgniter\View\View->CodeIgniter\View\{closure}()
 5 SYSTEMPATH\Common.php(1169): CodeIgniter\View\View->render('datasiswa', [], true)
 6 APPPATH\Controllers\Datasiswa.php(17): view('datasiswa', [...])
 7 SYSTEMPATH\CodeIgniter.php(933): App\Controllers\Datasiswa->index()
 8 SYSTEMPATH\CodeIgniter.php(509): CodeIgniter\CodeIgniter->runController(Object(App\Controllers\Datasiswa))
 9 SYSTEMPATH\CodeIgniter.php(355): CodeIgniter\CodeIgniter->handleRequest(null, Object(Config\Cache), false)
10 SYSTEMPATH\Boot.php(325): CodeIgniter\CodeIgniter->run()
11 SYSTEMPATH\Boot.php(67): CodeIgniter\Boot::runCodeIgniter(Object(CodeIgniter\CodeIgniter))
12 FCPATH\index.php(56): CodeIgniter\Boot::bootWeb(Object(Config\Paths))
13 SYSTEMPATH\rewrite.php(44): require_once('C:\\xampp\\htdocs\\projek-spp\\public\\index.php')
CRITICAL - 2024-08-12 03:45:28 --> ErrorException: Undefined variable $row
[Method: GET, Route: datasiswa]
in APPPATH\Views\datasiswa.php on line 68.
 1 APPPATH\Views\datasiswa.php(68): CodeIgniter\Debug\Exceptions->errorHandler(2, 'Undefined variable $row', 'C:\\xampp\\htdocs\\projek-spp\\app\\Views\\datasiswa.php', 68)
 2 SYSTEMPATH\View\View.php(234): include('C:\\xampp\\htdocs\\projek-spp\\app\\Views\\datasiswa.php')
 3 SYSTEMPATH\View\View.php(237): CodeIgniter\View\View->CodeIgniter\View\{closure}()
 4 SYSTEMPATH\Common.php(1169): CodeIgniter\View\View->render('datasiswa', [], true)
 5 APPPATH\Controllers\Datasiswa.php(17): view('datasiswa', [...])
 6 SYSTEMPATH\CodeIgniter.php(933): App\Controllers\Datasiswa->index()
 7 SYSTEMPATH\CodeIgniter.php(509): CodeIgniter\CodeIgniter->runController(Object(App\Controllers\Datasiswa))
 8 SYSTEMPATH\CodeIgniter.php(355): CodeIgniter\CodeIgniter->handleRequest(null, Object(Config\Cache), false)
 9 SYSTEMPATH\Boot.php(325): CodeIgniter\CodeIgniter->run()
10 SYSTEMPATH\Boot.php(67): CodeIgniter\Boot::runCodeIgniter(Object(CodeIgniter\CodeIgniter))
11 FCPATH\index.php(56): CodeIgniter\Boot::bootWeb(Object(Config\Paths))
12 SYSTEMPATH\rewrite.php(44): require_once('C:\\xampp\\htdocs\\projek-spp\\public\\index.php')
CRITICAL - 2024-08-12 03:46:42 --> ErrorException: Undefined variable $row
[Method: GET, Route: datasiswa]
in APPPATH\Views\datasiswa.php on line 68.
 1 APPPATH\Views\datasiswa.php(68): CodeIgniter\Debug\Exceptions->errorHandler(2, 'Undefined variable $row', 'C:\\xampp\\htdocs\\projek-spp\\app\\Views\\datasiswa.php', 68)
 2 SYSTEMPATH\View\View.php(234): include('C:\\xampp\\htdocs\\projek-spp\\app\\Views\\datasiswa.php')
 3 SYSTEMPATH\View\View.php(237): CodeIgniter\View\View->CodeIgniter\View\{closure}()
 4 SYSTEMPATH\Common.php(1169): CodeIgniter\View\View->render('datasiswa', [], true)
 5 APPPATH\Controllers\Datasiswa.php(17): view('datasiswa', [...])
 6 SYSTEMPATH\CodeIgniter.php(933): App\Controllers\Datasiswa->index()
 7 SYSTEMPATH\CodeIgniter.php(509): CodeIgniter\CodeIgniter->runController(Object(App\Controllers\Datasiswa))
 8 SYSTEMPATH\CodeIgniter.php(355): CodeIgniter\CodeIgniter->handleRequest(null, Object(Config\Cache), false)
 9 SYSTEMPATH\Boot.php(325): CodeIgniter\CodeIgniter->run()
10 SYSTEMPATH\Boot.php(67): CodeIgniter\Boot::runCodeIgniter(Object(CodeIgniter\CodeIgniter))
11 FCPATH\index.php(56): CodeIgniter\Boot::bootWeb(Object(Config\Paths))
12 SYSTEMPATH\rewrite.php(44): require_once('C:\\xampp\\htdocs\\projek-spp\\public\\index.php')
CRITICAL - 2024-08-12 03:46:44 --> ErrorException: Undefined variable $row
[Method: GET, Route: datasiswa]
in APPPATH\Views\datasiswa.php on line 68.
 1 APPPATH\Views\datasiswa.php(68): CodeIgniter\Debug\Exceptions->errorHandler(2, 'Undefined variable $row', 'C:\\xampp\\htdocs\\projek-spp\\app\\Views\\datasiswa.php', 68)
 2 SYSTEMPATH\View\View.php(234): include('C:\\xampp\\htdocs\\projek-spp\\app\\Views\\datasiswa.php')
 3 SYSTEMPATH\View\View.php(237): CodeIgniter\View\View->CodeIgniter\View\{closure}()
 4 SYSTEMPATH\Common.php(1169): CodeIgniter\View\View->render('datasiswa', [], true)
 5 APPPATH\Controllers\Datasiswa.php(17): view('datasiswa', [...])
 6 SYSTEMPATH\CodeIgniter.php(933): App\Controllers\Datasiswa->index()
 7 SYSTEMPATH\CodeIgniter.php(509): CodeIgniter\CodeIgniter->runController(Object(App\Controllers\Datasiswa))
 8 SYSTEMPATH\CodeIgniter.php(355): CodeIgniter\CodeIgniter->handleRequest(null, Object(Config\Cache), false)
 9 SYSTEMPATH\Boot.php(325): CodeIgniter\CodeIgniter->run()
10 SYSTEMPATH\Boot.php(67): CodeIgniter\Boot::runCodeIgniter(Object(CodeIgniter\CodeIgniter))
11 FCPATH\index.php(56): CodeIgniter\Boot::bootWeb(Object(Config\Paths))
12 SYSTEMPATH\rewrite.php(44): require_once('C:\\xampp\\htdocs\\projek-spp\\public\\index.php')
CRITICAL - 2024-08-12 03:47:58 --> ErrorException: Undefined variable $row
[Method: GET, Route: datasiswa]
in APPPATH\Views\datasiswa.php on line 75.
 1 APPPATH\Views\datasiswa.php(75): CodeIgniter\Debug\Exceptions->errorHandler(2, 'Undefined variable $row', 'C:\\xampp\\htdocs\\projek-spp\\app\\Views\\datasiswa.php', 75)
 2 SYSTEMPATH\View\View.php(234): include('C:\\xampp\\htdocs\\projek-spp\\app\\Views\\datasiswa.php')
 3 SYSTEMPATH\View\View.php(237): CodeIgniter\View\View->CodeIgniter\View\{closure}()
 4 SYSTEMPATH\Common.php(1169): CodeIgniter\View\View->render('datasiswa', [], true)
 5 APPPATH\Controllers\Datasiswa.php(17): view('datasiswa', [...])
 6 SYSTEMPATH\CodeIgniter.php(933): App\Controllers\Datasiswa->index()
 7 SYSTEMPATH\CodeIgniter.php(509): CodeIgniter\CodeIgniter->runController(Object(App\Controllers\Datasiswa))
 8 SYSTEMPATH\CodeIgniter.php(355): CodeIgniter\CodeIgniter->handleRequest(null, Object(Config\Cache), false)
 9 SYSTEMPATH\Boot.php(325): CodeIgniter\CodeIgniter->run()
10 SYSTEMPATH\Boot.php(67): CodeIgniter\Boot::runCodeIgniter(Object(CodeIgniter\CodeIgniter))
11 FCPATH\index.php(56): CodeIgniter\Boot::bootWeb(Object(Config\Paths))
12 SYSTEMPATH\rewrite.php(44): require_once('C:\\xampp\\htdocs\\projek-spp\\public\\index.php')
CRITICAL - 2024-08-12 04:26:44 --> ErrorException: Undefined variable $koneksi
[Method: GET, Route: datasiswa]
in APPPATH\Views\datasiswa.php on line 12.
 1 APPPATH\Views\datasiswa.php(12): CodeIgniter\Debug\Exceptions->errorHandler(2, 'Undefined variable $koneksi', 'C:\\xampp\\htdocs\\projek-spp\\app\\Views\\datasiswa.php', 12)
 2 SYSTEMPATH\View\View.php(234): include('C:\\xampp\\htdocs\\projek-spp\\app\\Views\\datasiswa.php')
 3 SYSTEMPATH\View\View.php(237): CodeIgniter\View\View->CodeIgniter\View\{closure}()
 4 SYSTEMPATH\Common.php(1169): CodeIgniter\View\View->render('datasiswa', [], true)
 5 APPPATH\Controllers\Datasiswa.php(17): view('datasiswa', [...])
 6 SYSTEMPATH\CodeIgniter.php(933): App\Controllers\Datasiswa->index()
 7 SYSTEMPATH\CodeIgniter.php(509): CodeIgniter\CodeIgniter->runController(Object(App\Controllers\Datasiswa))
 8 SYSTEMPATH\CodeIgniter.php(355): CodeIgniter\CodeIgniter->handleRequest(null, Object(Config\Cache), false)
 9 SYSTEMPATH\Boot.php(325): CodeIgniter\CodeIgniter->run()
10 SYSTEMPATH\Boot.php(67): CodeIgniter\Boot::runCodeIgniter(Object(CodeIgniter\CodeIgniter))
11 FCPATH\index.php(56): CodeIgniter\Boot::bootWeb(Object(Config\Paths))
12 SYSTEMPATH\rewrite.php(44): require_once('C:\\xampp\\htdocs\\projek-spp\\public\\index.php')
CRITICAL - 2024-08-12 04:27:24 --> ErrorException: Undefined variable $result
[Method: GET, Route: datasiswa]
in APPPATH\Views\datasiswa.php on line 65.
 1 APPPATH\Views\datasiswa.php(65): CodeIgniter\Debug\Exceptions->errorHandler(2, 'Undefined variable $result', 'C:\\xampp\\htdocs\\projek-spp\\app\\Views\\datasiswa.php', 65)
 2 SYSTEMPATH\View\View.php(234): include('C:\\xampp\\htdocs\\projek-spp\\app\\Views\\datasiswa.php')
 3 SYSTEMPATH\View\View.php(237): CodeIgniter\View\View->CodeIgniter\View\{closure}()
 4 SYSTEMPATH\Common.php(1169): CodeIgniter\View\View->render('datasiswa', [], true)
 5 APPPATH\Controllers\Datasiswa.php(17): view('datasiswa', [...])
 6 SYSTEMPATH\CodeIgniter.php(933): App\Controllers\Datasiswa->index()
 7 SYSTEMPATH\CodeIgniter.php(509): CodeIgniter\CodeIgniter->runController(Object(App\Controllers\Datasiswa))
 8 SYSTEMPATH\CodeIgniter.php(355): CodeIgniter\CodeIgniter->handleRequest(null, Object(Config\Cache), false)
 9 SYSTEMPATH\Boot.php(325): CodeIgniter\CodeIgniter->run()
10 SYSTEMPATH\Boot.php(67): CodeIgniter\Boot::runCodeIgniter(Object(CodeIgniter\CodeIgniter))
11 FCPATH\index.php(56): CodeIgniter\Boot::bootWeb(Object(Config\Paths))
12 SYSTEMPATH\rewrite.php(44): require_once('C:\\xampp\\htdocs\\projek-spp\\public\\index.php')
CRITICAL - 2024-08-12 04:27:46 --> ErrorException: Undefined variable $koneksi
[Method: GET, Route: datasiswa]
in APPPATH\Views\datasiswa.php on line 12.
 1 APPPATH\Views\datasiswa.php(12): CodeIgniter\Debug\Exceptions->errorHandler(2, 'Undefined variable $koneksi', 'C:\\xampp\\htdocs\\projek-spp\\app\\Views\\datasiswa.php', 12)
 2 SYSTEMPATH\View\View.php(234): include('C:\\xampp\\htdocs\\projek-spp\\app\\Views\\datasiswa.php')
 3 SYSTEMPATH\View\View.php(237): CodeIgniter\View\View->CodeIgniter\View\{closure}()
 4 SYSTEMPATH\Common.php(1169): CodeIgniter\View\View->render('datasiswa', [], true)
 5 APPPATH\Controllers\Datasiswa.php(17): view('datasiswa', [...])
 6 SYSTEMPATH\CodeIgniter.php(933): App\Controllers\Datasiswa->index()
 7 SYSTEMPATH\CodeIgniter.php(509): CodeIgniter\CodeIgniter->runController(Object(App\Controllers\Datasiswa))
 8 SYSTEMPATH\CodeIgniter.php(355): CodeIgniter\CodeIgniter->handleRequest(null, Object(Config\Cache), false)
 9 SYSTEMPATH\Boot.php(325): CodeIgniter\CodeIgniter->run()
10 SYSTEMPATH\Boot.php(67): CodeIgniter\Boot::runCodeIgniter(Object(CodeIgniter\CodeIgniter))
11 FCPATH\index.php(56): CodeIgniter\Boot::bootWeb(Object(Config\Paths))
12 SYSTEMPATH\rewrite.php(44): require_once('C:\\xampp\\htdocs\\projek-spp\\public\\index.php')
CRITICAL - 2024-08-12 04:29:10 --> ErrorException: Undefined variable $koneksi
[Method: GET, Route: datasiswa]
in APPPATH\Views\datasiswa.php on line 12.
 1 APPPATH\Views\datasiswa.php(12): CodeIgniter\Debug\Exceptions->errorHandler(2, 'Undefined variable $koneksi', 'C:\\xampp\\htdocs\\projek-spp\\app\\Views\\datasiswa.php', 12)
 2 SYSTEMPATH\View\View.php(234): include('C:\\xampp\\htdocs\\projek-spp\\app\\Views\\datasiswa.php')
 3 SYSTEMPATH\View\View.php(237): CodeIgniter\View\View->CodeIgniter\View\{closure}()
 4 SYSTEMPATH\Common.php(1169): CodeIgniter\View\View->render('datasiswa', [], true)
 5 APPPATH\Controllers\Datasiswa.php(17): view('datasiswa', [...])
 6 SYSTEMPATH\CodeIgniter.php(933): App\Controllers\Datasiswa->index()
 7 SYSTEMPATH\CodeIgniter.php(509): CodeIgniter\CodeIgniter->runController(Object(App\Controllers\Datasiswa))
 8 SYSTEMPATH\CodeIgniter.php(355): CodeIgniter\CodeIgniter->handleRequest(null, Object(Config\Cache), false)
 9 SYSTEMPATH\Boot.php(325): CodeIgniter\CodeIgniter->run()
10 SYSTEMPATH\Boot.php(67): CodeIgniter\Boot::runCodeIgniter(Object(CodeIgniter\CodeIgniter))
11 FCPATH\index.php(56): CodeIgniter\Boot::bootWeb(Object(Config\Paths))
12 SYSTEMPATH\rewrite.php(44): require_once('C:\\xampp\\htdocs\\projek-spp\\public\\index.php')
CRITICAL - 2024-08-12 04:33:21 --> ErrorException: Undefined variable $koneksi
[Method: GET, Route: koneksi]
in APPPATH\Views\koneksi.php on line 6.
 1 APPPATH\Views\koneksi.php(6): CodeIgniter\Debug\Exceptions->errorHandler(2, 'Undefined variable $koneksi', 'C:\\xampp\\htdocs\\projek-spp\\app\\Views\\koneksi.php', 6)
 2 SYSTEMPATH\View\View.php(234): include('C:\\xampp\\htdocs\\projek-spp\\app\\Views\\koneksi.php')
 3 SYSTEMPATH\View\View.php(237): CodeIgniter\View\View->CodeIgniter\View\{closure}()
 4 SYSTEMPATH\Common.php(1169): CodeIgniter\View\View->render('koneksi', [], true)
 5 APPPATH\Controllers\Koneksi.php(9): view('koneksi')
 6 SYSTEMPATH\CodeIgniter.php(933): App\Controllers\Koneksi->index()
 7 SYSTEMPATH\CodeIgniter.php(509): CodeIgniter\CodeIgniter->runController(Object(App\Controllers\Koneksi))
 8 SYSTEMPATH\CodeIgniter.php(355): CodeIgniter\CodeIgniter->handleRequest(null, Object(Config\Cache), false)
 9 SYSTEMPATH\Boot.php(325): CodeIgniter\CodeIgniter->run()
10 SYSTEMPATH\Boot.php(67): CodeIgniter\Boot::runCodeIgniter(Object(CodeIgniter\CodeIgniter))
11 FCPATH\index.php(56): CodeIgniter\Boot::bootWeb(Object(Config\Paths))
12 SYSTEMPATH\rewrite.php(44): require_once('C:\\xampp\\htdocs\\projek-spp\\public\\index.php')
CRITICAL - 2024-08-12 04:35:15 --> ErrorException: Undefined variable $result
[Method: GET, Route: koneksi]
in APPPATH\Views\koneksi.php on line 13.
 1 APPPATH\Views\koneksi.php(13): CodeIgniter\Debug\Exceptions->errorHandler(2, 'Undefined variable $result', 'C:\\xampp\\htdocs\\projek-spp\\app\\Views\\koneksi.php', 13)
 2 SYSTEMPATH\View\View.php(234): include('C:\\xampp\\htdocs\\projek-spp\\app\\Views\\koneksi.php')
 3 SYSTEMPATH\View\View.php(237): CodeIgniter\View\View->CodeIgniter\View\{closure}()
 4 SYSTEMPATH\Common.php(1169): CodeIgniter\View\View->render('koneksi', [], true)
 5 APPPATH\Controllers\Koneksi.php(9): view('koneksi')
 6 SYSTEMPATH\CodeIgniter.php(933): App\Controllers\Koneksi->index()
 7 SYSTEMPATH\CodeIgniter.php(509): CodeIgniter\CodeIgniter->runController(Object(App\Controllers\Koneksi))
 8 SYSTEMPATH\CodeIgniter.php(355): CodeIgniter\CodeIgniter->handleRequest(null, Object(Config\Cache), false)
 9 SYSTEMPATH\Boot.php(325): CodeIgniter\CodeIgniter->run()
10 SYSTEMPATH\Boot.php(67): CodeIgniter\Boot::runCodeIgniter(Object(CodeIgniter\CodeIgniter))
11 FCPATH\index.php(56): CodeIgniter\Boot::bootWeb(Object(Config\Paths))
12 SYSTEMPATH\rewrite.php(44): require_once('C:\\xampp\\htdocs\\projek-spp\\public\\index.php')
CRITICAL - 2024-08-12 04:37:09 --> ErrorException: Undefined variable $result
[Method: GET, Route: datasiswa]
in APPPATH\Views\koneksi.php on line 13.
 1 APPPATH\Views\koneksi.php(13): CodeIgniter\Debug\Exceptions->errorHandler(2, 'Undefined variable $result', 'C:\\xampp\\htdocs\\projek-spp\\app\\Views\\koneksi.php', 13)
 2 APPPATH\Views\datasiswa.php(3): include('C:\\xampp\\htdocs\\projek-spp\\app\\Views\\koneksi.php')
 3 SYSTEMPATH\View\View.php(234): include('C:\\xampp\\htdocs\\projek-spp\\app\\Views\\datasiswa.php')
 4 SYSTEMPATH\View\View.php(237): CodeIgniter\View\View->CodeIgniter\View\{closure}()
 5 SYSTEMPATH\Common.php(1169): CodeIgniter\View\View->render('datasiswa', [], true)
 6 APPPATH\Controllers\Datasiswa.php(17): view('datasiswa', [...])
 7 SYSTEMPATH\CodeIgniter.php(933): App\Controllers\Datasiswa->index()
 8 SYSTEMPATH\CodeIgniter.php(509): CodeIgniter\CodeIgniter->runController(Object(App\Controllers\Datasiswa))
 9 SYSTEMPATH\CodeIgniter.php(355): CodeIgniter\CodeIgniter->handleRequest(null, Object(Config\Cache), false)
10 SYSTEMPATH\Boot.php(325): CodeIgniter\CodeIgniter->run()
11 SYSTEMPATH\Boot.php(67): CodeIgniter\Boot::runCodeIgniter(Object(CodeIgniter\CodeIgniter))
12 FCPATH\index.php(56): CodeIgniter\Boot::bootWeb(Object(Config\Paths))
13 SYSTEMPATH\rewrite.php(44): require_once('C:\\xampp\\htdocs\\projek-spp\\public\\index.php')
CRITICAL - 2024-08-12 04:37:19 --> ErrorException: Undefined variable $result
[Method: GET, Route: datasiswa]
in APPPATH\Views\koneksi.php on line 13.
 1 APPPATH\Views\koneksi.php(13): CodeIgniter\Debug\Exceptions->errorHandler(2, 'Undefined variable $result', 'C:\\xampp\\htdocs\\projek-spp\\app\\Views\\koneksi.php', 13)
 2 APPPATH\Views\datasiswa.php(3): include('C:\\xampp\\htdocs\\projek-spp\\app\\Views\\koneksi.php')
 3 SYSTEMPATH\View\View.php(234): include('C:\\xampp\\htdocs\\projek-spp\\app\\Views\\datasiswa.php')
 4 SYSTEMPATH\View\View.php(237): CodeIgniter\View\View->CodeIgniter\View\{closure}()
 5 SYSTEMPATH\Common.php(1169): CodeIgniter\View\View->render('datasiswa', [], true)
 6 APPPATH\Controllers\Datasiswa.php(17): view('datasiswa', [...])
 7 SYSTEMPATH\CodeIgniter.php(933): App\Controllers\Datasiswa->index()
 8 SYSTEMPATH\CodeIgniter.php(509): CodeIgniter\CodeIgniter->runController(Object(App\Controllers\Datasiswa))
 9 SYSTEMPATH\CodeIgniter.php(355): CodeIgniter\CodeIgniter->handleRequest(null, Object(Config\Cache), false)
10 SYSTEMPATH\Boot.php(325): CodeIgniter\CodeIgniter->run()
11 SYSTEMPATH\Boot.php(67): CodeIgniter\Boot::runCodeIgniter(Object(CodeIgniter\CodeIgniter))
12 FCPATH\index.php(56): CodeIgniter\Boot::bootWeb(Object(Config\Paths))
13 SYSTEMPATH\rewrite.php(44): require_once('C:\\xampp\\htdocs\\projek-spp\\public\\index.php')
INFO - 2024-08-12 04:46:05 --> Session: Class initialized using 'CodeIgniter\Session\Handlers\FileHandler' driver.
ERROR - 2024-08-12 04:46:41 --> mysqli_sql_exception: Unknown column 'nis' in 'field list' in C:\xampp\htdocs\projek-spp\system\Database\MySQLi\Connection.php:312
Stack trace:
#0 C:\xampp\htdocs\projek-spp\system\Database\MySQLi\Connection.php(312): mysqli->query('INSERT INTO `si...', 0)
#1 C:\xampp\htdocs\projek-spp\system\Database\BaseConnection.php(734): CodeIgniter\Database\MySQLi\Connection->execute('INSERT INTO `si...')
#2 C:\xampp\htdocs\projek-spp\system\Database\BaseConnection.php(648): CodeIgniter\Database\BaseConnection->simpleQuery('INSERT INTO `si...')
#3 C:\xampp\htdocs\projek-spp\system\Database\BaseBuilder.php(2340): CodeIgniter\Database\BaseConnection->query('INSERT INTO `si...', Array, false)
#4 C:\xampp\htdocs\projek-spp\system\Model.php(394): CodeIgniter\Database\BaseBuilder->insert()
#5 C:\xampp\htdocs\projek-spp\system\BaseModel.php(840): CodeIgniter\Model->doInsert(Array)
#6 C:\xampp\htdocs\projek-spp\system\Model.php(802): CodeIgniter\BaseModel->insert(Array, true)
#7 C:\xampp\htdocs\projek-spp\app\Controllers\Datasiswa.php(45): CodeIgniter\Model->insert(Array)
#8 C:\xampp\htdocs\projek-spp\system\CodeIgniter.php(933): App\Controllers\Datasiswa->store()
#9 C:\xampp\htdocs\projek-spp\system\CodeIgniter.php(509): CodeIgniter\CodeIgniter->runController(Object(App\Controllers\Datasiswa))
#10 C:\xampp\htdocs\projek-spp\system\CodeIgniter.php(355): CodeIgniter\CodeIgniter->handleRequest(NULL, Object(Config\Cache), false)
#11 C:\xampp\htdocs\projek-spp\system\Boot.php(325): CodeIgniter\CodeIgniter->run()
#12 C:\xampp\htdocs\projek-spp\system\Boot.php(67): CodeIgniter\Boot::runCodeIgniter(Object(CodeIgniter\CodeIgniter))
#13 C:\xampp\htdocs\projek-spp\public\index.php(56): CodeIgniter\Boot::bootWeb(Object(Config\Paths))
#14 C:\xampp\htdocs\projek-spp\system\rewrite.php(44): require_once('C:\\xampp\\htdocs...')
#15 {main}
CRITICAL - 2024-08-12 04:46:41 --> CodeIgniter\Database\Exceptions\DatabaseException: Unknown column 'nis' in 'field list'
[Method: POST, Route: datasiswa/store]
in SYSTEMPATH\Database\BaseConnection.php on line 688.
 1 SYSTEMPATH\Database\BaseBuilder.php(2340): CodeIgniter\Database\BaseConnection->query('INSERT INTO `siswa` (`nisn`, `nis`, `nama`, `id_kelas`, `alamat`, `no_telp`, `id_spp`) VALUES (:nisn:, :nis:, :nama:, :id_kelas:, :alamat:, :no_telp:, :id_spp:)', [...], false)
 2 SYSTEMPATH\Model.php(394): CodeIgniter\Database\BaseBuilder->insert()
 3 SYSTEMPATH\BaseModel.php(840): CodeIgniter\Model->doInsert([...])
 4 SYSTEMPATH\Model.php(802): CodeIgniter\BaseModel->insert([...], true)
 5 APPPATH\Controllers\Datasiswa.php(45): CodeIgniter\Model->insert([...])
 6 SYSTEMPATH\CodeIgniter.php(933): App\Controllers\Datasiswa->store()
 7 SYSTEMPATH\CodeIgniter.php(509): CodeIgniter\CodeIgniter->runController(Object(App\Controllers\Datasiswa))
 8 SYSTEMPATH\CodeIgniter.php(355): CodeIgniter\CodeIgniter->handleRequest(null, Object(Config\Cache), false)
 9 SYSTEMPATH\Boot.php(325): CodeIgniter\CodeIgniter->run()
10 SYSTEMPATH\Boot.php(67): CodeIgniter\Boot::runCodeIgniter(Object(CodeIgniter\CodeIgniter))
11 FCPATH\index.php(56): CodeIgniter\Boot::bootWeb(Object(Config\Paths))
12 SYSTEMPATH\rewrite.php(44): require_once('C:\\xampp\\htdocs\\projek-spp\\public\\index.php')
CRITICAL - 2024-08-12 04:46:41 --> [Caused by] CodeIgniter\Database\Exceptions\DatabaseException: Unknown column 'nis' in 'field list'
in SYSTEMPATH\Database\MySQLi\Connection.php on line 317.
 1 SYSTEMPATH\Database\BaseConnection.php(734): CodeIgniter\Database\MySQLi\Connection->execute('INSERT INTO `siswa` (`nisn`, `nis`, `nama`, `id_kelas`, `alamat`, `no_telp`, `id_spp`) VALUES (\'0987654321\', \'5678\', \'artini adelina simangungsong\', \'XII RPL 2\', \'pondok pelangi 3\', \'08573456789012\', \'001\')')
 2 SYSTEMPATH\Database\BaseConnection.php(648): CodeIgniter\Database\BaseConnection->simpleQuery('INSERT INTO `siswa` (`nisn`, `nis`, `nama`, `id_kelas`, `alamat`, `no_telp`, `id_spp`) VALUES (\'0987654321\', \'5678\', \'artini adelina simangungsong\', \'XII RPL 2\', \'pondok pelangi 3\', \'08573456789012\', \'001\')')
 3 SYSTEMPATH\Database\BaseBuilder.php(2340): CodeIgniter\Database\BaseConnection->query('INSERT INTO `siswa` (`nisn`, `nis`, `nama`, `id_kelas`, `alamat`, `no_telp`, `id_spp`) VALUES (:nisn:, :nis:, :nama:, :id_kelas:, :alamat:, :no_telp:, :id_spp:)', [...], false)
 4 SYSTEMPATH\Model.php(394): CodeIgniter\Database\BaseBuilder->insert()
 5 SYSTEMPATH\BaseModel.php(840): CodeIgniter\Model->doInsert([...])
 6 SYSTEMPATH\Model.php(802): CodeIgniter\BaseModel->insert([...], true)
 7 APPPATH\Controllers\Datasiswa.php(45): CodeIgniter\Model->insert([...])
 8 SYSTEMPATH\CodeIgniter.php(933): App\Controllers\Datasiswa->store()
 9 SYSTEMPATH\CodeIgniter.php(509): CodeIgniter\CodeIgniter->runController(Object(App\Controllers\Datasiswa))
10 SYSTEMPATH\CodeIgniter.php(355): CodeIgniter\CodeIgniter->handleRequest(null, Object(Config\Cache), false)
11 SYSTEMPATH\Boot.php(325): CodeIgniter\CodeIgniter->run()
12 SYSTEMPATH\Boot.php(67): CodeIgniter\Boot::runCodeIgniter(Object(CodeIgniter\CodeIgniter))
13 FCPATH\index.php(56): CodeIgniter\Boot::bootWeb(Object(Config\Paths))
14 SYSTEMPATH\rewrite.php(44): require_once('C:\\xampp\\htdocs\\projek-spp\\public\\index.php')
CRITICAL - 2024-08-12 04:46:41 --> [Caused by] mysqli_sql_exception: Unknown column 'nis' in 'field list'
in SYSTEMPATH\Database\MySQLi\Connection.php on line 312.
 1 SYSTEMPATH\Database\MySQLi\Connection.php(312): mysqli->query('INSERT INTO `siswa` (`nisn`, `nis`, `nama`, `id_kelas`, `alamat`, `no_telp`, `id_spp`) VALUES (\'0987654321\', \'5678\', \'artini adelina simangungsong\', \'XII RPL 2\', \'pondok pelangi 3\', \'08573456789012\', \'001\')', 0)
 2 SYSTEMPATH\Database\BaseConnection.php(734): CodeIgniter\Database\MySQLi\Connection->execute('INSERT INTO `siswa` (`nisn`, `nis`, `nama`, `id_kelas`, `alamat`, `no_telp`, `id_spp`) VALUES (\'0987654321\', \'5678\', \'artini adelina simangungsong\', \'XII RPL 2\', \'pondok pelangi 3\', \'08573456789012\', \'001\')')
 3 SYSTEMPATH\Database\BaseConnection.php(648): CodeIgniter\Database\BaseConnection->simpleQuery('INSERT INTO `siswa` (`nisn`, `nis`, `nama`, `id_kelas`, `alamat`, `no_telp`, `id_spp`) VALUES (\'0987654321\', \'5678\', \'artini adelina simangungsong\', \'XII RPL 2\', \'pondok pelangi 3\', \'08573456789012\', \'001\')')
 4 SYSTEMPATH\Database\BaseBuilder.php(2340): CodeIgniter\Database\BaseConnection->query('INSERT INTO `siswa` (`nisn`, `nis`, `nama`, `id_kelas`, `alamat`, `no_telp`, `id_spp`) VALUES (:nisn:, :nis:, :nama:, :id_kelas:, :alamat:, :no_telp:, :id_spp:)', [...], false)
 5 SYSTEMPATH\Model.php(394): CodeIgniter\Database\BaseBuilder->insert()
 6 SYSTEMPATH\BaseModel.php(840): CodeIgniter\Model->doInsert([...])
 7 SYSTEMPATH\Model.php(802): CodeIgniter\BaseModel->insert([...], true)
 8 APPPATH\Controllers\Datasiswa.php(45): CodeIgniter\Model->insert([...])
 9 SYSTEMPATH\CodeIgniter.php(933): App\Controllers\Datasiswa->store()
10 SYSTEMPATH\CodeIgniter.php(509): CodeIgniter\CodeIgniter->runController(Object(App\Controllers\Datasiswa))
11 SYSTEMPATH\CodeIgniter.php(355): CodeIgniter\CodeIgniter->handleRequest(null, Object(Config\Cache), false)
12 SYSTEMPATH\Boot.php(325): CodeIgniter\CodeIgniter->run()
13 SYSTEMPATH\Boot.php(67): CodeIgniter\Boot::runCodeIgniter(Object(CodeIgniter\CodeIgniter))
14 FCPATH\index.php(56): CodeIgniter\Boot::bootWeb(Object(Config\Paths))
15 SYSTEMPATH\rewrite.php(44): require_once('C:\\xampp\\htdocs\\projek-spp\\public\\index.php')
INFO - 2024-08-12 04:55:13 --> Session: Class initialized using 'CodeIgniter\Session\Handlers\FileHandler' driver.
CRITICAL - 2024-08-12 13:28:07 --> ParseError: syntax error, unexpected token "endwhile", expecting end of file
[Method: GET, Route: datasiswa]
in APPPATH\Views\datasiswa.php on line 66.
 1 SYSTEMPATH\View\View.php(237): CodeIgniter\View\View->CodeIgniter\View\{closure}()
 2 SYSTEMPATH\Common.php(1169): CodeIgniter\View\View->render('datasiswa', [], true)
 3 APPPATH\Controllers\Datasiswa.php(17): view('datasiswa', [...])
 4 SYSTEMPATH\CodeIgniter.php(933): App\Controllers\Datasiswa->index()
 5 SYSTEMPATH\CodeIgniter.php(509): CodeIgniter\CodeIgniter->runController(Object(App\Controllers\Datasiswa))
 6 SYSTEMPATH\CodeIgniter.php(355): CodeIgniter\CodeIgniter->handleRequest(null, Object(Config\Cache), false)
 7 SYSTEMPATH\Boot.php(325): CodeIgniter\CodeIgniter->run()
 8 SYSTEMPATH\Boot.php(67): CodeIgniter\Boot::runCodeIgniter(Object(CodeIgniter\CodeIgniter))
 9 FCPATH\index.php(56): CodeIgniter\Boot::bootWeb(Object(Config\Paths))
10 SYSTEMPATH\rewrite.php(44): require_once('C:\\xampp\\htdocs\\projek-spp\\public\\index.php')
CRITICAL - 2024-08-12 13:28:22 --> ErrorException: Undefined variable $res
[Method: GET, Route: datasiswa]
in APPPATH\Views\datasiswa.php on line 56.
 1 APPPATH\Views\datasiswa.php(56): CodeIgniter\Debug\Exceptions->errorHandler(2, 'Undefined variable $res', 'C:\\xampp\\htdocs\\projek-spp\\app\\Views\\datasiswa.php', 56)
 2 SYSTEMPATH\View\View.php(234): include('C:\\xampp\\htdocs\\projek-spp\\app\\Views\\datasiswa.php')
 3 SYSTEMPATH\View\View.php(237): CodeIgniter\View\View->CodeIgniter\View\{closure}()
 4 SYSTEMPATH\Common.php(1169): CodeIgniter\View\View->render('datasiswa', [], true)
 5 APPPATH\Controllers\Datasiswa.php(17): view('datasiswa', [...])
 6 SYSTEMPATH\CodeIgniter.php(933): App\Controllers\Datasiswa->index()
 7 SYSTEMPATH\CodeIgniter.php(509): CodeIgniter\CodeIgniter->runController(Object(App\Controllers\Datasiswa))
 8 SYSTEMPATH\CodeIgniter.php(355): CodeIgniter\CodeIgniter->handleRequest(null, Object(Config\Cache), false)
 9 SYSTEMPATH\Boot.php(325): CodeIgniter\CodeIgniter->run()
10 SYSTEMPATH\Boot.php(67): CodeIgniter\Boot::runCodeIgniter(Object(CodeIgniter\CodeIgniter))
11 FCPATH\index.php(56): CodeIgniter\Boot::bootWeb(Object(Config\Paths))
12 SYSTEMPATH\rewrite.php(44): require_once('C:\\xampp\\htdocs\\projek-spp\\public\\index.php')
CRITICAL - 2024-08-12 13:28:25 --> ErrorException: Undefined variable $res
[Method: GET, Route: datasiswa]
in APPPATH\Views\datasiswa.php on line 56.
 1 APPPATH\Views\datasiswa.php(56): CodeIgniter\Debug\Exceptions->errorHandler(2, 'Undefined variable $res', 'C:\\xampp\\htdocs\\projek-spp\\app\\Views\\datasiswa.php', 56)
 2 SYSTEMPATH\View\View.php(234): include('C:\\xampp\\htdocs\\projek-spp\\app\\Views\\datasiswa.php')
 3 SYSTEMPATH\View\View.php(237): CodeIgniter\View\View->CodeIgniter\View\{closure}()
 4 SYSTEMPATH\Common.php(1169): CodeIgniter\View\View->render('datasiswa', [], true)
 5 APPPATH\Controllers\Datasiswa.php(17): view('datasiswa', [...])
 6 SYSTEMPATH\CodeIgniter.php(933): App\Controllers\Datasiswa->index()
 7 SYSTEMPATH\CodeIgniter.php(509): CodeIgniter\CodeIgniter->runController(Object(App\Controllers\Datasiswa))
 8 SYSTEMPATH\CodeIgniter.php(355): CodeIgniter\CodeIgniter->handleRequest(null, Object(Config\Cache), false)
 9 SYSTEMPATH\Boot.php(325): CodeIgniter\CodeIgniter->run()
10 SYSTEMPATH\Boot.php(67): CodeIgniter\Boot::runCodeIgniter(Object(CodeIgniter\CodeIgniter))
11 FCPATH\index.php(56): CodeIgniter\Boot::bootWeb(Object(Config\Paths))
12 SYSTEMPATH\rewrite.php(44): require_once('C:\\xampp\\htdocs\\projek-spp\\public\\index.php')
CRITICAL - 2024-08-12 13:33:00 --> ErrorException: Undefined array key "nama_angkatan"
[Method: GET, Route: datasiswa]
in APPPATH\Views\datasiswa.php on line 63.
 1 APPPATH\Views\datasiswa.php(63): CodeIgniter\Debug\Exceptions->errorHandler(2, 'Undefined array key "nama_angkatan"', 'C:\\xampp\\htdocs\\projek-spp\\app\\Views\\datasiswa.php', 63)
 2 SYSTEMPATH\View\View.php(234): include('C:\\xampp\\htdocs\\projek-spp\\app\\Views\\datasiswa.php')
 3 SYSTEMPATH\View\View.php(237): CodeIgniter\View\View->CodeIgniter\View\{closure}()
 4 SYSTEMPATH\Common.php(1169): CodeIgniter\View\View->render('datasiswa', [], true)
 5 APPPATH\Controllers\Datasiswa.php(17): view('datasiswa', [...])
 6 SYSTEMPATH\CodeIgniter.php(933): App\Controllers\Datasiswa->index()
 7 SYSTEMPATH\CodeIgniter.php(509): CodeIgniter\CodeIgniter->runController(Object(App\Controllers\Datasiswa))
 8 SYSTEMPATH\CodeIgniter.php(355): CodeIgniter\CodeIgniter->handleRequest(null, Object(Config\Cache), false)
 9 SYSTEMPATH\Boot.php(325): CodeIgniter\CodeIgniter->run()
10 SYSTEMPATH\Boot.php(67): CodeIgniter\Boot::runCodeIgniter(Object(CodeIgniter\CodeIgniter))
11 FCPATH\index.php(56): CodeIgniter\Boot::bootWeb(Object(Config\Paths))
12 SYSTEMPATH\rewrite.php(44): require_once('C:\\xampp\\htdocs\\projek-spp\\public\\index.php')
CRITICAL - 2024-08-12 13:33:03 --> ErrorException: Undefined array key "nama_angkatan"
[Method: GET, Route: datasiswa]
in APPPATH\Views\datasiswa.php on line 63.
 1 APPPATH\Views\datasiswa.php(63): CodeIgniter\Debug\Exceptions->errorHandler(2, 'Undefined array key "nama_angkatan"', 'C:\\xampp\\htdocs\\projek-spp\\app\\Views\\datasiswa.php', 63)
 2 SYSTEMPATH\View\View.php(234): include('C:\\xampp\\htdocs\\projek-spp\\app\\Views\\datasiswa.php')
 3 SYSTEMPATH\View\View.php(237): CodeIgniter\View\View->CodeIgniter\View\{closure}()
 4 SYSTEMPATH\Common.php(1169): CodeIgniter\View\View->render('datasiswa', [], true)
 5 APPPATH\Controllers\Datasiswa.php(17): view('datasiswa', [...])
 6 SYSTEMPATH\CodeIgniter.php(933): App\Controllers\Datasiswa->index()
 7 SYSTEMPATH\CodeIgniter.php(509): CodeIgniter\CodeIgniter->runController(Object(App\Controllers\Datasiswa))
 8 SYSTEMPATH\CodeIgniter.php(355): CodeIgniter\CodeIgniter->handleRequest(null, Object(Config\Cache), false)
 9 SYSTEMPATH\Boot.php(325): CodeIgniter\CodeIgniter->run()
10 SYSTEMPATH\Boot.php(67): CodeIgniter\Boot::runCodeIgniter(Object(CodeIgniter\CodeIgniter))
11 FCPATH\index.php(56): CodeIgniter\Boot::bootWeb(Object(Config\Paths))
12 SYSTEMPATH\rewrite.php(44): require_once('C:\\xampp\\htdocs\\projek-spp\\public\\index.php')
CRITICAL - 2024-08-12 13:33:26 --> ErrorException: Undefined array key "nama_angkatan"
[Method: GET, Route: datasiswa]
in APPPATH\Views\datasiswa.php on line 68.
 1 APPPATH\Views\datasiswa.php(68): CodeIgniter\Debug\Exceptions->errorHandler(2, 'Undefined array key "nama_angkatan"', 'C:\\xampp\\htdocs\\projek-spp\\app\\Views\\datasiswa.php', 68)
 2 SYSTEMPATH\View\View.php(234): include('C:\\xampp\\htdocs\\projek-spp\\app\\Views\\datasiswa.php')
 3 SYSTEMPATH\View\View.php(237): CodeIgniter\View\View->CodeIgniter\View\{closure}()
 4 SYSTEMPATH\Common.php(1169): CodeIgniter\View\View->render('datasiswa', [], true)
 5 APPPATH\Controllers\Datasiswa.php(17): view('datasiswa', [...])
 6 SYSTEMPATH\CodeIgniter.php(933): App\Controllers\Datasiswa->index()
 7 SYSTEMPATH\CodeIgniter.php(509): CodeIgniter\CodeIgniter->runController(Object(App\Controllers\Datasiswa))
 8 SYSTEMPATH\CodeIgniter.php(355): CodeIgniter\CodeIgniter->handleRequest(null, Object(Config\Cache), false)
 9 SYSTEMPATH\Boot.php(325): CodeIgniter\CodeIgniter->run()
10 SYSTEMPATH\Boot.php(67): CodeIgniter\Boot::runCodeIgniter(Object(CodeIgniter\CodeIgniter))
11 FCPATH\index.php(56): CodeIgniter\Boot::bootWeb(Object(Config\Paths))
12 SYSTEMPATH\rewrite.php(44): require_once('C:\\xampp\\htdocs\\projek-spp\\public\\index.php')
CRITICAL - 2024-08-12 13:55:14 --> ErrorException: Undefined array key "nama_angkatan"
[Method: GET, Route: datasiswa]
in APPPATH\Views\datasiswa.php on line 71.
 1 APPPATH\Views\datasiswa.php(71): CodeIgniter\Debug\Exceptions->errorHandler(2, 'Undefined array key "nama_angkatan"', 'C:\\xampp\\htdocs\\projek-spp\\app\\Views\\datasiswa.php', 71)
 2 SYSTEMPATH\View\View.php(234): include('C:\\xampp\\htdocs\\projek-spp\\app\\Views\\datasiswa.php')
 3 SYSTEMPATH\View\View.php(237): CodeIgniter\View\View->CodeIgniter\View\{closure}()
 4 SYSTEMPATH\Common.php(1169): CodeIgniter\View\View->render('datasiswa', [], true)
 5 APPPATH\Controllers\Datasiswa.php(11): view('datasiswa', [...])
 6 SYSTEMPATH\CodeIgniter.php(933): App\Controllers\Datasiswa->index()
 7 SYSTEMPATH\CodeIgniter.php(509): CodeIgniter\CodeIgniter->runController(Object(App\Controllers\Datasiswa))
 8 SYSTEMPATH\CodeIgniter.php(355): CodeIgniter\CodeIgniter->handleRequest(null, Object(Config\Cache), false)
 9 SYSTEMPATH\Boot.php(325): CodeIgniter\CodeIgniter->run()
10 SYSTEMPATH\Boot.php(67): CodeIgniter\Boot::runCodeIgniter(Object(CodeIgniter\CodeIgniter))
11 FCPATH\index.php(56): CodeIgniter\Boot::bootWeb(Object(Config\Paths))
12 SYSTEMPATH\rewrite.php(44): require_once('C:\\xampp\\htdocs\\projek-spp\\public\\index.php')
CRITICAL - 2024-08-12 13:58:35 --> ErrorException: Undefined variable $row
[Method: GET, Route: datasiswa]
in APPPATH\Views\datasiswa.php on line 78.
 1 APPPATH\Views\datasiswa.php(78): CodeIgniter\Debug\Exceptions->errorHandler(2, 'Undefined variable $row', 'C:\\xampp\\htdocs\\projek-spp\\app\\Views\\datasiswa.php', 78)
 2 SYSTEMPATH\View\View.php(234): include('C:\\xampp\\htdocs\\projek-spp\\app\\Views\\datasiswa.php')
 3 SYSTEMPATH\View\View.php(237): CodeIgniter\View\View->CodeIgniter\View\{closure}()
 4 SYSTEMPATH\Common.php(1169): CodeIgniter\View\View->render('datasiswa', [], true)
 5 APPPATH\Controllers\Datasiswa.php(11): view('datasiswa', [...])
 6 SYSTEMPATH\CodeIgniter.php(933): App\Controllers\Datasiswa->index()
 7 SYSTEMPATH\CodeIgniter.php(509): CodeIgniter\CodeIgniter->runController(Object(App\Controllers\Datasiswa))
 8 SYSTEMPATH\CodeIgniter.php(355): CodeIgniter\CodeIgniter->handleRequest(null, Object(Config\Cache), false)
 9 SYSTEMPATH\Boot.php(325): CodeIgniter\CodeIgniter->run()
10 SYSTEMPATH\Boot.php(67): CodeIgniter\Boot::runCodeIgniter(Object(CodeIgniter\CodeIgniter))
11 FCPATH\index.php(56): CodeIgniter\Boot::bootWeb(Object(Config\Paths))
12 SYSTEMPATH\rewrite.php(44): require_once('C:\\xampp\\htdocs\\projek-spp\\public\\index.php')
INFO - 2024-08-12 14:01:51 --> Session: Class initialized using 'CodeIgniter\Session\Handlers\FileHandler' driver.
CRITICAL - 2024-08-12 14:09:58 --> BadMethodCallException: Call to undefined method App\Models\SiswaModel::getSiswa
[Method: GET, Route: datasiswa]
in SYSTEMPATH\Model.php on line 932.
 1 APPPATH\Controllers\Datasiswa.php(10): CodeIgniter\Model->__call('getSiswa', [])
 2 SYSTEMPATH\CodeIgniter.php(933): App\Controllers\Datasiswa->index()
 3 SYSTEMPATH\CodeIgniter.php(509): CodeIgniter\CodeIgniter->runController(Object(App\Controllers\Datasiswa))
 4 SYSTEMPATH\CodeIgniter.php(355): CodeIgniter\CodeIgniter->handleRequest(null, Object(Config\Cache), false)
 5 SYSTEMPATH\Boot.php(325): CodeIgniter\CodeIgniter->run()
 6 SYSTEMPATH\Boot.php(67): CodeIgniter\Boot::runCodeIgniter(Object(CodeIgniter\CodeIgniter))
 7 FCPATH\index.php(56): CodeIgniter\Boot::bootWeb(Object(Config\Paths))
 8 SYSTEMPATH\rewrite.php(44): require_once('C:\\xampp\\htdocs\\projek-spp\\public\\index.php')
ERROR - 2024-08-12 14:13:48 --> mysqli_sql_exception: Cannot add or update a child row: a foreign key constraint fails (`webspp`.`siswa`, CONSTRAINT `siswa_ibfk_2` FOREIGN KEY (`id_jurusan`) REFERENCES `jurusan` (`id_jurusan`) ON DELETE CASCADE ON UPDATE CASCADE) in C:\xampp\htdocs\projek-spp\system\Database\MySQLi\Connection.php:312
Stack trace:
#0 C:\xampp\htdocs\projek-spp\system\Database\MySQLi\Connection.php(312): mysqli->query('UPDATE `siswa` ...', 0)
#1 C:\xampp\htdocs\projek-spp\system\Database\BaseConnection.php(734): CodeIgniter\Database\MySQLi\Connection->execute('UPDATE `siswa` ...')
#2 C:\xampp\htdocs\projek-spp\system\Database\BaseConnection.php(648): CodeIgniter\Database\BaseConnection->simpleQuery('UPDATE `siswa` ...')
#3 C:\xampp\htdocs\projek-spp\system\Database\BaseBuilder.php(2516): CodeIgniter\Database\BaseConnection->query('UPDATE `siswa` ...', Array, false)
#4 C:\xampp\htdocs\projek-spp\system\Model.php(461): CodeIgniter\Database\BaseBuilder->update()
#5 C:\xampp\htdocs\projek-spp\system\BaseModel.php(1028): CodeIgniter\Model->doUpdate(Array, Array)
#6 C:\xampp\htdocs\projek-spp\system\Model.php(865): CodeIgniter\BaseModel->update(Array, Array)
#7 C:\xampp\htdocs\projek-spp\app\Controllers\Datasiswa.php(53): CodeIgniter\Model->update('3', Array)
#8 C:\xampp\htdocs\projek-spp\system\CodeIgniter.php(933): App\Controllers\Datasiswa->update()
#9 C:\xampp\htdocs\projek-spp\system\CodeIgniter.php(509): CodeIgniter\CodeIgniter->runController(Object(App\Controllers\Datasiswa))
#10 C:\xampp\htdocs\projek-spp\system\CodeIgniter.php(355): CodeIgniter\CodeIgniter->handleRequest(NULL, Object(Config\Cache), false)
#11 C:\xampp\htdocs\projek-spp\system\Boot.php(325): CodeIgniter\CodeIgniter->run()
#12 C:\xampp\htdocs\projek-spp\system\Boot.php(67): CodeIgniter\Boot::runCodeIgniter(Object(CodeIgniter\CodeIgniter))
#13 C:\xampp\htdocs\projek-spp\public\index.php(56): CodeIgniter\Boot::bootWeb(Object(Config\Paths))
#14 C:\xampp\htdocs\projek-spp\system\rewrite.php(44): require_once('C:\\xampp\\htdocs...')
#15 {main}
CRITICAL - 2024-08-12 14:13:49 --> CodeIgniter\Database\Exceptions\DatabaseException: Cannot add or update a child row: a foreign key constraint fails (`webspp`.`siswa`, CONSTRAINT `siswa_ibfk_2` FOREIGN KEY (`id_jurusan`) REFERENCES `jurusan` (`id_jurusan`) ON DELETE CASCADE ON UPDATE CASCADE)
[Method: POST, Route: datasiswa/update]
in SYSTEMPATH\Database\BaseConnection.php on line 688.
 1 SYSTEMPATH\Database\BaseBuilder.php(2516): CodeIgniter\Database\BaseConnection->query('UPDATE `siswa` SET `nisn` = :nisn:, `nama` = :nama:, `id_angkatan` = :id_angkatan:, `id_kelas` = :id_kelas:, `id_jurusan` = :id_jurusan:, `alamat` = :alamat:
WHERE `siswa`.`id_siswa` IN :siswa.id_siswa:', [...], false)
 2 SYSTEMPATH\Model.php(461): CodeIgniter\Database\BaseBuilder->update()
 3 SYSTEMPATH\BaseModel.php(1028): CodeIgniter\Model->doUpdate([...], [...])
 4 SYSTEMPATH\Model.php(865): CodeIgniter\BaseModel->update([...], [...])
 5 APPPATH\Controllers\Datasiswa.php(53): CodeIgniter\Model->update('3', [...])
 6 SYSTEMPATH\CodeIgniter.php(933): App\Controllers\Datasiswa->update()
 7 SYSTEMPATH\CodeIgniter.php(509): CodeIgniter\CodeIgniter->runController(Object(App\Controllers\Datasiswa))
 8 SYSTEMPATH\CodeIgniter.php(355): CodeIgniter\CodeIgniter->handleRequest(null, Object(Config\Cache), false)
 9 SYSTEMPATH\Boot.php(325): CodeIgniter\CodeIgniter->run()
10 SYSTEMPATH\Boot.php(67): CodeIgniter\Boot::runCodeIgniter(Object(CodeIgniter\CodeIgniter))
11 FCPATH\index.php(56): CodeIgniter\Boot::bootWeb(Object(Config\Paths))
12 SYSTEMPATH\rewrite.php(44): require_once('C:\\xampp\\htdocs\\projek-spp\\public\\index.php')
CRITICAL - 2024-08-12 14:13:49 --> [Caused by] CodeIgniter\Database\Exceptions\DatabaseException: Cannot add or update a child row: a foreign key constraint fails (`webspp`.`siswa`, CONSTRAINT `siswa_ibfk_2` FOREIGN KEY (`id_jurusan`) REFERENCES `jurusan` (`id_jurusan`) ON DELETE CASCADE ON UPDATE CASCADE)
in SYSTEMPATH\Database\MySQLi\Connection.php on line 317.
 1 SYSTEMPATH\Database\BaseConnection.php(734): CodeIgniter\Database\MySQLi\Connection->execute('UPDATE `siswa` SET `nisn` = \'4592710937\', `nama` = \'artini adelina simangungsong\', `id_angkatan` = \'2\', `id_kelas` = \'2\', `id_jurusan` = \'3\', `alamat` = \'pondok pelangi 3\'
WHERE `siswa`.`id_siswa` IN (\'3\')')
 2 SYSTEMPATH\Database\BaseConnection.php(648): CodeIgniter\Database\BaseConnection->simpleQuery('UPDATE `siswa` SET `nisn` = \'4592710937\', `nama` = \'artini adelina simangungsong\', `id_angkatan` = \'2\', `id_kelas` = \'2\', `id_jurusan` = \'3\', `alamat` = \'pondok pelangi 3\'
WHERE `siswa`.`id_siswa` IN (\'3\')')
 3 SYSTEMPATH\Database\BaseBuilder.php(2516): CodeIgniter\Database\BaseConnection->query('UPDATE `siswa` SET `nisn` = :nisn:, `nama` = :nama:, `id_angkatan` = :id_angkatan:, `id_kelas` = :id_kelas:, `id_jurusan` = :id_jurusan:, `alamat` = :alamat:
WHERE `siswa`.`id_siswa` IN :siswa.id_siswa:', [...], false)
 4 SYSTEMPATH\Model.php(461): CodeIgniter\Database\BaseBuilder->update()
 5 SYSTEMPATH\BaseModel.php(1028): CodeIgniter\Model->doUpdate([...], [...])
 6 SYSTEMPATH\Model.php(865): CodeIgniter\BaseModel->update([...], [...])
 7 APPPATH\Controllers\Datasiswa.php(53): CodeIgniter\Model->update('3', [...])
 8 SYSTEMPATH\CodeIgniter.php(933): App\Controllers\Datasiswa->update()
 9 SYSTEMPATH\CodeIgniter.php(509): CodeIgniter\CodeIgniter->runController(Object(App\Controllers\Datasiswa))
10 SYSTEMPATH\CodeIgniter.php(355): CodeIgniter\CodeIgniter->handleRequest(null, Object(Config\Cache), false)
11 SYSTEMPATH\Boot.php(325): CodeIgniter\CodeIgniter->run()
12 SYSTEMPATH\Boot.php(67): CodeIgniter\Boot::runCodeIgniter(Object(CodeIgniter\CodeIgniter))
13 FCPATH\index.php(56): CodeIgniter\Boot::bootWeb(Object(Config\Paths))
14 SYSTEMPATH\rewrite.php(44): require_once('C:\\xampp\\htdocs\\projek-spp\\public\\index.php')
CRITICAL - 2024-08-12 14:13:49 --> [Caused by] mysqli_sql_exception: Cannot add or update a child row: a foreign key constraint fails (`webspp`.`siswa`, CONSTRAINT `siswa_ibfk_2` FOREIGN KEY (`id_jurusan`) REFERENCES `jurusan` (`id_jurusan`) ON DELETE CASCADE ON UPDATE CASCADE)
in SYSTEMPATH\Database\MySQLi\Connection.php on line 312.
 1 SYSTEMPATH\Database\MySQLi\Connection.php(312): mysqli->query('UPDATE `siswa` SET `nisn` = \'4592710937\', `nama` = \'artini adelina simangungsong\', `id_angkatan` = \'2\', `id_kelas` = \'2\', `id_jurusan` = \'3\', `alamat` = \'pondok pelangi 3\'
WHERE `siswa`.`id_siswa` IN (\'3\')', 0)
 2 SYSTEMPATH\Database\BaseConnection.php(734): CodeIgniter\Database\MySQLi\Connection->execute('UPDATE `siswa` SET `nisn` = \'4592710937\', `nama` = \'artini adelina simangungsong\', `id_angkatan` = \'2\', `id_kelas` = \'2\', `id_jurusan` = \'3\', `alamat` = \'pondok pelangi 3\'
WHERE `siswa`.`id_siswa` IN (\'3\')')
 3 SYSTEMPATH\Database\BaseConnection.php(648): CodeIgniter\Database\BaseConnection->simpleQuery('UPDATE `siswa` SET `nisn` = \'4592710937\', `nama` = \'artini adelina simangungsong\', `id_angkatan` = \'2\', `id_kelas` = \'2\', `id_jurusan` = \'3\', `alamat` = \'pondok pelangi 3\'
WHERE `siswa`.`id_siswa` IN (\'3\')')
 4 SYSTEMPATH\Database\BaseBuilder.php(2516): CodeIgniter\Database\BaseConnection->query('UPDATE `siswa` SET `nisn` = :nisn:, `nama` = :nama:, `id_angkatan` = :id_angkatan:, `id_kelas` = :id_kelas:, `id_jurusan` = :id_jurusan:, `alamat` = :alamat:
WHERE `siswa`.`id_siswa` IN :siswa.id_siswa:', [...], false)
 5 SYSTEMPATH\Model.php(461): CodeIgniter\Database\BaseBuilder->update()
 6 SYSTEMPATH\BaseModel.php(1028): CodeIgniter\Model->doUpdate([...], [...])
 7 SYSTEMPATH\Model.php(865): CodeIgniter\BaseModel->update([...], [...])
 8 APPPATH\Controllers\Datasiswa.php(53): CodeIgniter\Model->update('3', [...])
 9 SYSTEMPATH\CodeIgniter.php(933): App\Controllers\Datasiswa->update()
10 SYSTEMPATH\CodeIgniter.php(509): CodeIgniter\CodeIgniter->runController(Object(App\Controllers\Datasiswa))
11 SYSTEMPATH\CodeIgniter.php(355): CodeIgniter\CodeIgniter->handleRequest(null, Object(Config\Cache), false)
12 SYSTEMPATH\Boot.php(325): CodeIgniter\CodeIgniter->run()
13 SYSTEMPATH\Boot.php(67): CodeIgniter\Boot::runCodeIgniter(Object(CodeIgniter\CodeIgniter))
14 FCPATH\index.php(56): CodeIgniter\Boot::bootWeb(Object(Config\Paths))
15 SYSTEMPATH\rewrite.php(44): require_once('C:\\xampp\\htdocs\\projek-spp\\public\\index.php')
ERROR - 2024-08-12 14:14:49 --> mysqli_sql_exception: Cannot add or update a child row: a foreign key constraint fails (`webspp`.`siswa`, CONSTRAINT `siswa_ibfk_2` FOREIGN KEY (`id_jurusan`) REFERENCES `jurusan` (`id_jurusan`) ON DELETE CASCADE ON UPDATE CASCADE) in C:\xampp\htdocs\projek-spp\system\Database\MySQLi\Connection.php:312
Stack trace:
#0 C:\xampp\htdocs\projek-spp\system\Database\MySQLi\Connection.php(312): mysqli->query('INSERT INTO `si...', 0)
#1 C:\xampp\htdocs\projek-spp\system\Database\BaseConnection.php(734): CodeIgniter\Database\MySQLi\Connection->execute('INSERT INTO `si...')
#2 C:\xampp\htdocs\projek-spp\system\Database\BaseConnection.php(648): CodeIgniter\Database\BaseConnection->simpleQuery('INSERT INTO `si...')
#3 C:\xampp\htdocs\projek-spp\system\Database\BaseBuilder.php(2340): CodeIgniter\Database\BaseConnection->query('INSERT INTO `si...', Array, false)
#4 C:\xampp\htdocs\projek-spp\system\Model.php(394): CodeIgniter\Database\BaseBuilder->insert()
#5 C:\xampp\htdocs\projek-spp\system\BaseModel.php(840): CodeIgniter\Model->doInsert(Array)
#6 C:\xampp\htdocs\projek-spp\system\Model.php(802): CodeIgniter\BaseModel->insert(Array, false)
#7 C:\xampp\htdocs\projek-spp\system\BaseModel.php(751): CodeIgniter\Model->insert(Array, false)
#8 C:\xampp\htdocs\projek-spp\app\Controllers\Datasiswa.php(30): CodeIgniter\BaseModel->save(Array)
#9 C:\xampp\htdocs\projek-spp\system\CodeIgniter.php(933): App\Controllers\Datasiswa->store()
#10 C:\xampp\htdocs\projek-spp\system\CodeIgniter.php(509): CodeIgniter\CodeIgniter->runController(Object(App\Controllers\Datasiswa))
#11 C:\xampp\htdocs\projek-spp\system\CodeIgniter.php(355): CodeIgniter\CodeIgniter->handleRequest(NULL, Object(Config\Cache), false)
#12 C:\xampp\htdocs\projek-spp\system\Boot.php(325): CodeIgniter\CodeIgniter->run()
#13 C:\xampp\htdocs\projek-spp\system\Boot.php(67): CodeIgniter\Boot::runCodeIgniter(Object(CodeIgniter\CodeIgniter))
#14 C:\xampp\htdocs\projek-spp\public\index.php(56): CodeIgniter\Boot::bootWeb(Object(Config\Paths))
#15 C:\xampp\htdocs\projek-spp\system\rewrite.php(44): require_once('C:\\xampp\\htdocs...')
#16 {main}
CRITICAL - 2024-08-12 14:14:49 --> CodeIgniter\Database\Exceptions\DatabaseException: Cannot add or update a child row: a foreign key constraint fails (`webspp`.`siswa`, CONSTRAINT `siswa_ibfk_2` FOREIGN KEY (`id_jurusan`) REFERENCES `jurusan` (`id_jurusan`) ON DELETE CASCADE ON UPDATE CASCADE)
[Method: POST, Route: datasiswa/store]
in SYSTEMPATH\Database\BaseConnection.php on line 688.
 1 SYSTEMPATH\Database\BaseBuilder.php(2340): CodeIgniter\Database\BaseConnection->query('INSERT INTO `siswa` (`nisn`, `nama`, `id_angkatan`, `id_kelas`, `id_jurusan`, `alamat`) VALUES (:nisn:, :nama:, :id_angkatan:, :id_kelas:, :id_jurusan:, :alamat:)', [...], false)
 2 SYSTEMPATH\Model.php(394): CodeIgniter\Database\BaseBuilder->insert()
 3 SYSTEMPATH\BaseModel.php(840): CodeIgniter\Model->doInsert([...])
 4 SYSTEMPATH\Model.php(802): CodeIgniter\BaseModel->insert([...], false)
 5 SYSTEMPATH\BaseModel.php(751): CodeIgniter\Model->insert([...], false)
 6 APPPATH\Controllers\Datasiswa.php(30): CodeIgniter\BaseModel->save([...])
 7 SYSTEMPATH\CodeIgniter.php(933): App\Controllers\Datasiswa->store()
 8 SYSTEMPATH\CodeIgniter.php(509): CodeIgniter\CodeIgniter->runController(Object(App\Controllers\Datasiswa))
 9 SYSTEMPATH\CodeIgniter.php(355): CodeIgniter\CodeIgniter->handleRequest(null, Object(Config\Cache), false)
10 SYSTEMPATH\Boot.php(325): CodeIgniter\CodeIgniter->run()
11 SYSTEMPATH\Boot.php(67): CodeIgniter\Boot::runCodeIgniter(Object(CodeIgniter\CodeIgniter))
12 FCPATH\index.php(56): CodeIgniter\Boot::bootWeb(Object(Config\Paths))
13 SYSTEMPATH\rewrite.php(44): require_once('C:\\xampp\\htdocs\\projek-spp\\public\\index.php')
CRITICAL - 2024-08-12 14:14:49 --> [Caused by] CodeIgniter\Database\Exceptions\DatabaseException: Cannot add or update a child row: a foreign key constraint fails (`webspp`.`siswa`, CONSTRAINT `siswa_ibfk_2` FOREIGN KEY (`id_jurusan`) REFERENCES `jurusan` (`id_jurusan`) ON DELETE CASCADE ON UPDATE CASCADE)
in SYSTEMPATH\Database\MySQLi\Connection.php on line 317.
 1 SYSTEMPATH\Database\BaseConnection.php(734): CodeIgniter\Database\MySQLi\Connection->execute('INSERT INTO `siswa` (`nisn`, `nama`, `id_angkatan`, `id_kelas`, `id_jurusan`, `alamat`) VALUES (\'6787999867\', \'aditya febri\', \'3\', \'3\', \'3\', \'ggvygygjhghbhfct\')')
 2 SYSTEMPATH\Database\BaseConnection.php(648): CodeIgniter\Database\BaseConnection->simpleQuery('INSERT INTO `siswa` (`nisn`, `nama`, `id_angkatan`, `id_kelas`, `id_jurusan`, `alamat`) VALUES (\'6787999867\', \'aditya febri\', \'3\', \'3\', \'3\', \'ggvygygjhghbhfct\')')
 3 SYSTEMPATH\Database\BaseBuilder.php(2340): CodeIgniter\Database\BaseConnection->query('INSERT INTO `siswa` (`nisn`, `nama`, `id_angkatan`, `id_kelas`, `id_jurusan`, `alamat`) VALUES (:nisn:, :nama:, :id_angkatan:, :id_kelas:, :id_jurusan:, :alamat:)', [...], false)
 4 SYSTEMPATH\Model.php(394): CodeIgniter\Database\BaseBuilder->insert()
 5 SYSTEMPATH\BaseModel.php(840): CodeIgniter\Model->doInsert([...])
 6 SYSTEMPATH\Model.php(802): CodeIgniter\BaseModel->insert([...], false)
 7 SYSTEMPATH\BaseModel.php(751): CodeIgniter\Model->insert([...], false)
 8 APPPATH\Controllers\Datasiswa.php(30): CodeIgniter\BaseModel->save([...])
 9 SYSTEMPATH\CodeIgniter.php(933): App\Controllers\Datasiswa->store()
10 SYSTEMPATH\CodeIgniter.php(509): CodeIgniter\CodeIgniter->runController(Object(App\Controllers\Datasiswa))
11 SYSTEMPATH\CodeIgniter.php(355): CodeIgniter\CodeIgniter->handleRequest(null, Object(Config\Cache), false)
12 SYSTEMPATH\Boot.php(325): CodeIgniter\CodeIgniter->run()
13 SYSTEMPATH\Boot.php(67): CodeIgniter\Boot::runCodeIgniter(Object(CodeIgniter\CodeIgniter))
14 FCPATH\index.php(56): CodeIgniter\Boot::bootWeb(Object(Config\Paths))
15 SYSTEMPATH\rewrite.php(44): require_once('C:\\xampp\\htdocs\\projek-spp\\public\\index.php')
CRITICAL - 2024-08-12 14:14:49 --> [Caused by] mysqli_sql_exception: Cannot add or update a child row: a foreign key constraint fails (`webspp`.`siswa`, CONSTRAINT `siswa_ibfk_2` FOREIGN KEY (`id_jurusan`) REFERENCES `jurusan` (`id_jurusan`) ON DELETE CASCADE ON UPDATE CASCADE)
in SYSTEMPATH\Database\MySQLi\Connection.php on line 312.
 1 SYSTEMPATH\Database\MySQLi\Connection.php(312): mysqli->query('INSERT INTO `siswa` (`nisn`, `nama`, `id_angkatan`, `id_kelas`, `id_jurusan`, `alamat`) VALUES (\'6787999867\', \'aditya febri\', \'3\', \'3\', \'3\', \'ggvygygjhghbhfct\')', 0)
 2 SYSTEMPATH\Database\BaseConnection.php(734): CodeIgniter\Database\MySQLi\Connection->execute('INSERT INTO `siswa` (`nisn`, `nama`, `id_angkatan`, `id_kelas`, `id_jurusan`, `alamat`) VALUES (\'6787999867\', \'aditya febri\', \'3\', \'3\', \'3\', \'ggvygygjhghbhfct\')')
 3 SYSTEMPATH\Database\BaseConnection.php(648): CodeIgniter\Database\BaseConnection->simpleQuery('INSERT INTO `siswa` (`nisn`, `nama`, `id_angkatan`, `id_kelas`, `id_jurusan`, `alamat`) VALUES (\'6787999867\', \'aditya febri\', \'3\', \'3\', \'3\', \'ggvygygjhghbhfct\')')
 4 SYSTEMPATH\Database\BaseBuilder.php(2340): CodeIgniter\Database\BaseConnection->query('INSERT INTO `siswa` (`nisn`, `nama`, `id_angkatan`, `id_kelas`, `id_jurusan`, `alamat`) VALUES (:nisn:, :nama:, :id_angkatan:, :id_kelas:, :id_jurusan:, :alamat:)', [...], false)
 5 SYSTEMPATH\Model.php(394): CodeIgniter\Database\BaseBuilder->insert()
 6 SYSTEMPATH\BaseModel.php(840): CodeIgniter\Model->doInsert([...])
 7 SYSTEMPATH\Model.php(802): CodeIgniter\BaseModel->insert([...], false)
 8 SYSTEMPATH\BaseModel.php(751): CodeIgniter\Model->insert([...], false)
 9 APPPATH\Controllers\Datasiswa.php(30): CodeIgniter\BaseModel->save([...])
10 SYSTEMPATH\CodeIgniter.php(933): App\Controllers\Datasiswa->store()
11 SYSTEMPATH\CodeIgniter.php(509): CodeIgniter\CodeIgniter->runController(Object(App\Controllers\Datasiswa))
12 SYSTEMPATH\CodeIgniter.php(355): CodeIgniter\CodeIgniter->handleRequest(null, Object(Config\Cache), false)
13 SYSTEMPATH\Boot.php(325): CodeIgniter\CodeIgniter->run()
14 SYSTEMPATH\Boot.php(67): CodeIgniter\Boot::runCodeIgniter(Object(CodeIgniter\CodeIgniter))
15 FCPATH\index.php(56): CodeIgniter\Boot::bootWeb(Object(Config\Paths))
16 SYSTEMPATH\rewrite.php(44): require_once('C:\\xampp\\htdocs\\projek-spp\\public\\index.php')
ERROR - 2024-08-12 14:16:03 --> mysqli_sql_exception: Cannot add or update a child row: a foreign key constraint fails (`webspp`.`siswa`, CONSTRAINT `siswa_ibfk_2` FOREIGN KEY (`id_jurusan`) REFERENCES `jurusan` (`id_jurusan`) ON DELETE CASCADE ON UPDATE CASCADE) in C:\xampp\htdocs\projek-spp\system\Database\MySQLi\Connection.php:312
Stack trace:
#0 C:\xampp\htdocs\projek-spp\system\Database\MySQLi\Connection.php(312): mysqli->query('INSERT INTO `si...', 0)
#1 C:\xampp\htdocs\projek-spp\system\Database\BaseConnection.php(734): CodeIgniter\Database\MySQLi\Connection->execute('INSERT INTO `si...')
#2 C:\xampp\htdocs\projek-spp\system\Database\BaseConnection.php(648): CodeIgniter\Database\BaseConnection->simpleQuery('INSERT INTO `si...')
#3 C:\xampp\htdocs\projek-spp\system\Database\BaseBuilder.php(2340): CodeIgniter\Database\BaseConnection->query('INSERT INTO `si...', Array, false)
#4 C:\xampp\htdocs\projek-spp\system\Model.php(394): CodeIgniter\Database\BaseBuilder->insert()
#5 C:\xampp\htdocs\projek-spp\system\BaseModel.php(840): CodeIgniter\Model->doInsert(Array)
#6 C:\xampp\htdocs\projek-spp\system\Model.php(802): CodeIgniter\BaseModel->insert(Array, false)
#7 C:\xampp\htdocs\projek-spp\system\BaseModel.php(751): CodeIgniter\Model->insert(Array, false)
#8 C:\xampp\htdocs\projek-spp\app\Controllers\Datasiswa.php(30): CodeIgniter\BaseModel->save(Array)
#9 C:\xampp\htdocs\projek-spp\system\CodeIgniter.php(933): App\Controllers\Datasiswa->store()
#10 C:\xampp\htdocs\projek-spp\system\CodeIgniter.php(509): CodeIgniter\CodeIgniter->runController(Object(App\Controllers\Datasiswa))
#11 C:\xampp\htdocs\projek-spp\system\CodeIgniter.php(355): CodeIgniter\CodeIgniter->handleRequest(NULL, Object(Config\Cache), false)
#12 C:\xampp\htdocs\projek-spp\system\Boot.php(325): CodeIgniter\CodeIgniter->run()
#13 C:\xampp\htdocs\projek-spp\system\Boot.php(67): CodeIgniter\Boot::runCodeIgniter(Object(CodeIgniter\CodeIgniter))
#14 C:\xampp\htdocs\projek-spp\public\index.php(56): CodeIgniter\Boot::bootWeb(Object(Config\Paths))
#15 C:\xampp\htdocs\projek-spp\system\rewrite.php(44): require_once('C:\\xampp\\htdocs...')
#16 {main}
CRITICAL - 2024-08-12 14:16:03 --> CodeIgniter\Database\Exceptions\DatabaseException: Cannot add or update a child row: a foreign key constraint fails (`webspp`.`siswa`, CONSTRAINT `siswa_ibfk_2` FOREIGN KEY (`id_jurusan`) REFERENCES `jurusan` (`id_jurusan`) ON DELETE CASCADE ON UPDATE CASCADE)
[Method: POST, Route: datasiswa/store]
in SYSTEMPATH\Database\BaseConnection.php on line 688.
 1 SYSTEMPATH\Database\BaseBuilder.php(2340): CodeIgniter\Database\BaseConnection->query('INSERT INTO `siswa` (`nisn`, `nama`, `id_angkatan`, `id_kelas`, `id_jurusan`, `alamat`) VALUES (:nisn:, :nama:, :id_angkatan:, :id_kelas:, :id_jurusan:, :alamat:)', [...], false)
 2 SYSTEMPATH\Model.php(394): CodeIgniter\Database\BaseBuilder->insert()
 3 SYSTEMPATH\BaseModel.php(840): CodeIgniter\Model->doInsert([...])
 4 SYSTEMPATH\Model.php(802): CodeIgniter\BaseModel->insert([...], false)
 5 SYSTEMPATH\BaseModel.php(751): CodeIgniter\Model->insert([...], false)
 6 APPPATH\Controllers\Datasiswa.php(30): CodeIgniter\BaseModel->save([...])
 7 SYSTEMPATH\CodeIgniter.php(933): App\Controllers\Datasiswa->store()
 8 SYSTEMPATH\CodeIgniter.php(509): CodeIgniter\CodeIgniter->runController(Object(App\Controllers\Datasiswa))
 9 SYSTEMPATH\CodeIgniter.php(355): CodeIgniter\CodeIgniter->handleRequest(null, Object(Config\Cache), false)
10 SYSTEMPATH\Boot.php(325): CodeIgniter\CodeIgniter->run()
11 SYSTEMPATH\Boot.php(67): CodeIgniter\Boot::runCodeIgniter(Object(CodeIgniter\CodeIgniter))
12 FCPATH\index.php(56): CodeIgniter\Boot::bootWeb(Object(Config\Paths))
13 SYSTEMPATH\rewrite.php(44): require_once('C:\\xampp\\htdocs\\projek-spp\\public\\index.php')
CRITICAL - 2024-08-12 14:16:03 --> [Caused by] CodeIgniter\Database\Exceptions\DatabaseException: Cannot add or update a child row: a foreign key constraint fails (`webspp`.`siswa`, CONSTRAINT `siswa_ibfk_2` FOREIGN KEY (`id_jurusan`) REFERENCES `jurusan` (`id_jurusan`) ON DELETE CASCADE ON UPDATE CASCADE)
in SYSTEMPATH\Database\MySQLi\Connection.php on line 317.
 1 SYSTEMPATH\Database\BaseConnection.php(734): CodeIgniter\Database\MySQLi\Connection->execute('INSERT INTO `siswa` (`nisn`, `nama`, `id_angkatan`, `id_kelas`, `id_jurusan`, `alamat`) VALUES (\'6787999867\', \'aditya\', \'3\', \'3\', \'3\', \'jbhutyvrtdtcdtgf gy\')')
 2 SYSTEMPATH\Database\BaseConnection.php(648): CodeIgniter\Database\BaseConnection->simpleQuery('INSERT INTO `siswa` (`nisn`, `nama`, `id_angkatan`, `id_kelas`, `id_jurusan`, `alamat`) VALUES (\'6787999867\', \'aditya\', \'3\', \'3\', \'3\', \'jbhutyvrtdtcdtgf gy\')')
 3 SYSTEMPATH\Database\BaseBuilder.php(2340): CodeIgniter\Database\BaseConnection->query('INSERT INTO `siswa` (`nisn`, `nama`, `id_angkatan`, `id_kelas`, `id_jurusan`, `alamat`) VALUES (:nisn:, :nama:, :id_angkatan:, :id_kelas:, :id_jurusan:, :alamat:)', [...], false)
 4 SYSTEMPATH\Model.php(394): CodeIgniter\Database\BaseBuilder->insert()
 5 SYSTEMPATH\BaseModel.php(840): CodeIgniter\Model->doInsert([...])
 6 SYSTEMPATH\Model.php(802): CodeIgniter\BaseModel->insert([...], false)
 7 SYSTEMPATH\BaseModel.php(751): CodeIgniter\Model->insert([...], false)
 8 APPPATH\Controllers\Datasiswa.php(30): CodeIgniter\BaseModel->save([...])
 9 SYSTEMPATH\CodeIgniter.php(933): App\Controllers\Datasiswa->store()
10 SYSTEMPATH\CodeIgniter.php(509): CodeIgniter\CodeIgniter->runController(Object(App\Controllers\Datasiswa))
11 SYSTEMPATH\CodeIgniter.php(355): CodeIgniter\CodeIgniter->handleRequest(null, Object(Config\Cache), false)
12 SYSTEMPATH\Boot.php(325): CodeIgniter\CodeIgniter->run()
13 SYSTEMPATH\Boot.php(67): CodeIgniter\Boot::runCodeIgniter(Object(CodeIgniter\CodeIgniter))
14 FCPATH\index.php(56): CodeIgniter\Boot::bootWeb(Object(Config\Paths))
15 SYSTEMPATH\rewrite.php(44): require_once('C:\\xampp\\htdocs\\projek-spp\\public\\index.php')
CRITICAL - 2024-08-12 14:16:03 --> [Caused by] mysqli_sql_exception: Cannot add or update a child row: a foreign key constraint fails (`webspp`.`siswa`, CONSTRAINT `siswa_ibfk_2` FOREIGN KEY (`id_jurusan`) REFERENCES `jurusan` (`id_jurusan`) ON DELETE CASCADE ON UPDATE CASCADE)
in SYSTEMPATH\Database\MySQLi\Connection.php on line 312.
 1 SYSTEMPATH\Database\MySQLi\Connection.php(312): mysqli->query('INSERT INTO `siswa` (`nisn`, `nama`, `id_angkatan`, `id_kelas`, `id_jurusan`, `alamat`) VALUES (\'6787999867\', \'aditya\', \'3\', \'3\', \'3\', \'jbhutyvrtdtcdtgf gy\')', 0)
 2 SYSTEMPATH\Database\BaseConnection.php(734): CodeIgniter\Database\MySQLi\Connection->execute('INSERT INTO `siswa` (`nisn`, `nama`, `id_angkatan`, `id_kelas`, `id_jurusan`, `alamat`) VALUES (\'6787999867\', \'aditya\', \'3\', \'3\', \'3\', \'jbhutyvrtdtcdtgf gy\')')
 3 SYSTEMPATH\Database\BaseConnection.php(648): CodeIgniter\Database\BaseConnection->simpleQuery('INSERT INTO `siswa` (`nisn`, `nama`, `id_angkatan`, `id_kelas`, `id_jurusan`, `alamat`) VALUES (\'6787999867\', \'aditya\', \'3\', \'3\', \'3\', \'jbhutyvrtdtcdtgf gy\')')
 4 SYSTEMPATH\Database\BaseBuilder.php(2340): CodeIgniter\Database\BaseConnection->query('INSERT INTO `siswa` (`nisn`, `nama`, `id_angkatan`, `id_kelas`, `id_jurusan`, `alamat`) VALUES (:nisn:, :nama:, :id_angkatan:, :id_kelas:, :id_jurusan:, :alamat:)', [...], false)
 5 SYSTEMPATH\Model.php(394): CodeIgniter\Database\BaseBuilder->insert()
 6 SYSTEMPATH\BaseModel.php(840): CodeIgniter\Model->doInsert([...])
 7 SYSTEMPATH\Model.php(802): CodeIgniter\BaseModel->insert([...], false)
 8 SYSTEMPATH\BaseModel.php(751): CodeIgniter\Model->insert([...], false)
 9 APPPATH\Controllers\Datasiswa.php(30): CodeIgniter\BaseModel->save([...])
10 SYSTEMPATH\CodeIgniter.php(933): App\Controllers\Datasiswa->store()
11 SYSTEMPATH\CodeIgniter.php(509): CodeIgniter\CodeIgniter->runController(Object(App\Controllers\Datasiswa))
12 SYSTEMPATH\CodeIgniter.php(355): CodeIgniter\CodeIgniter->handleRequest(null, Object(Config\Cache), false)
13 SYSTEMPATH\Boot.php(325): CodeIgniter\CodeIgniter->run()
14 SYSTEMPATH\Boot.php(67): CodeIgniter\Boot::runCodeIgniter(Object(CodeIgniter\CodeIgniter))
15 FCPATH\index.php(56): CodeIgniter\Boot::bootWeb(Object(Config\Paths))
16 SYSTEMPATH\rewrite.php(44): require_once('C:\\xampp\\htdocs\\projek-spp\\public\\index.php')
