CRITICAL - 2024-08-14 09:01:38 --> CodeIgniter\View\Exceptions\ViewException: Invalid file: "home.php"
[Method: GET, Route: /]
in SYSTEMPATH\Exceptions\FrameworkException.php on line 41.
 1 SYSTEMPATH\View\View.php(222): CodeIgniter\Exceptions\FrameworkException::forInvalidFile('home.php')
 2 SYSTEMPATH\Common.php(1169): CodeIgniter\View\View->render('home', [], true)
 3 APPPATH\Controllers\Home.php(9): view('home')
 4 SYSTEMPATH\CodeIgniter.php(933): App\Controllers\Home->index()
 5 SYSTEMPATH\CodeIgniter.php(509): CodeIgniter\CodeIgniter->runController(Object(App\Controllers\Home))
 6 SYSTEMPATH\CodeIgniter.php(355): CodeIgniter\CodeIgniter->handleRequest(null, Object(Config\Cache), false)
 7 SYSTEMPATH\Boot.php(325): CodeIgniter\CodeIgniter->run()
 8 SYSTEMPATH\Boot.php(67): CodeIgniter\Boot::runCodeIgniter(Object(CodeIgniter\CodeIgniter))
 9 FCPATH\index.php(56): CodeIgniter\Boot::bootWeb(Object(Config\Paths))
10 SYSTEMPATH\rewrite.php(44): require_once('C:\\xampp\\htdocs\\projek-spp\\public\\index.php')
CRITICAL - 2024-08-14 09:17:09 --> ErrorException: include(header.php): Failed to open stream: No such file or directory
[Method: GET, Route: /]
in APPPATH\Views\home.php on line 1.
 1 APPPATH\Views\home.php(1): CodeIgniter\Debug\Exceptions->errorHandler(2, 'include(header.php): Failed to open stream: No such file or directory', 'C:\\xampp\\htdocs\\projek-spp\\app\\Views\\home.php', 1)
 2 APPPATH\Views\home.php(1): include()
 3 SYSTEMPATH\View\View.php(234): include('C:\\xampp\\htdocs\\projek-spp\\app\\Views\\home.php')
 4 SYSTEMPATH\View\View.php(237): CodeIgniter\View\View->CodeIgniter\View\{closure}()
 5 SYSTEMPATH\Common.php(1169): CodeIgniter\View\View->render('home', [], true)
 6 APPPATH\Controllers\Home.php(9): view('home')
 7 SYSTEMPATH\CodeIgniter.php(933): App\Controllers\Home->index()
 8 SYSTEMPATH\CodeIgniter.php(509): CodeIgniter\CodeIgniter->runController(Object(App\Controllers\Home))
 9 SYSTEMPATH\CodeIgniter.php(355): CodeIgniter\CodeIgniter->handleRequest(null, Object(Config\Cache), false)
10 SYSTEMPATH\Boot.php(325): CodeIgniter\CodeIgniter->run()
11 SYSTEMPATH\Boot.php(67): CodeIgniter\Boot::runCodeIgniter(Object(CodeIgniter\CodeIgniter))
12 FCPATH\index.php(56): CodeIgniter\Boot::bootWeb(Object(Config\Paths))
13 SYSTEMPATH\rewrite.php(44): require_once('C:\\xampp\\htdocs\\projek-spp\\public\\index.php')
CRITICAL - 2024-08-14 09:17:39 --> CodeIgniter\View\Exceptions\ViewException: Invalid file: "home.php"
[Method: GET, Route: /]
in SYSTEMPATH\Exceptions\FrameworkException.php on line 41.
 1 SYSTEMPATH\View\View.php(222): CodeIgniter\Exceptions\FrameworkException::forInvalidFile('home.php')
 2 SYSTEMPATH\Common.php(1169): CodeIgniter\View\View->render('home', [], true)
 3 APPPATH\Controllers\Home.php(9): view('home')
 4 SYSTEMPATH\CodeIgniter.php(933): App\Controllers\Home->index()
 5 SYSTEMPATH\CodeIgniter.php(509): CodeIgniter\CodeIgniter->runController(Object(App\Controllers\Home))
 6 SYSTEMPATH\CodeIgniter.php(355): CodeIgniter\CodeIgniter->handleRequest(null, Object(Config\Cache), false)
 7 SYSTEMPATH\Boot.php(325): CodeIgniter\CodeIgniter->run()
 8 SYSTEMPATH\Boot.php(67): CodeIgniter\Boot::runCodeIgniter(Object(CodeIgniter\CodeIgniter))
 9 FCPATH\index.php(56): CodeIgniter\Boot::bootWeb(Object(Config\Paths))
10 SYSTEMPATH\rewrite.php(44): require_once('C:\\xampp\\htdocs\\projek-spp\\public\\index.php')
CRITICAL - 2024-08-14 09:18:20 --> CodeIgniter\View\Exceptions\ViewException: Invalid file: "datasiswaview.php"
[Method: GET, Route: datasiswaview]
in SYSTEMPATH\Exceptions\FrameworkException.php on line 41.
 1 SYSTEMPATH\View\View.php(222): CodeIgniter\Exceptions\FrameworkException::forInvalidFile('datasiswaview.php')
 2 SYSTEMPATH\Common.php(1169): CodeIgniter\View\View->render('datasiswaview', [], true)
 3 APPPATH\Controllers\DatasiswaView.php(11): view('datasiswaview', [...])
 4 SYSTEMPATH\CodeIgniter.php(933): App\Controllers\DatasiswaView->index()
 5 SYSTEMPATH\CodeIgniter.php(509): CodeIgniter\CodeIgniter->runController(Object(App\Controllers\DatasiswaView))
 6 SYSTEMPATH\CodeIgniter.php(355): CodeIgniter\CodeIgniter->handleRequest(null, Object(Config\Cache), false)
 7 SYSTEMPATH\Boot.php(325): CodeIgniter\CodeIgniter->run()
 8 SYSTEMPATH\Boot.php(67): CodeIgniter\Boot::runCodeIgniter(Object(CodeIgniter\CodeIgniter))
 9 FCPATH\index.php(56): CodeIgniter\Boot::bootWeb(Object(Config\Paths))
10 SYSTEMPATH\rewrite.php(44): require_once('C:\\xampp\\htdocs\\projek-spp\\public\\index.php')
CRITICAL - 2024-08-14 09:18:56 --> CodeIgniter\View\Exceptions\ViewException: Invalid file: "datasiswaview.php"
[Method: GET, Route: datasiswaview]
in SYSTEMPATH\Exceptions\FrameworkException.php on line 41.
 1 SYSTEMPATH\View\View.php(222): CodeIgniter\Exceptions\FrameworkException::forInvalidFile('datasiswaview.php')
 2 SYSTEMPATH\Common.php(1169): CodeIgniter\View\View->render('datasiswaview', [], true)
 3 APPPATH\Controllers\DatasiswaView.php(11): view('datasiswaview', [...])
 4 SYSTEMPATH\CodeIgniter.php(933): App\Controllers\DatasiswaView->index()
 5 SYSTEMPATH\CodeIgniter.php(509): CodeIgniter\CodeIgniter->runController(Object(App\Controllers\DatasiswaView))
 6 SYSTEMPATH\CodeIgniter.php(355): CodeIgniter\CodeIgniter->handleRequest(null, Object(Config\Cache), false)
 7 SYSTEMPATH\Boot.php(325): CodeIgniter\CodeIgniter->run()
 8 SYSTEMPATH\Boot.php(67): CodeIgniter\Boot::runCodeIgniter(Object(CodeIgniter\CodeIgniter))
 9 FCPATH\index.php(56): CodeIgniter\Boot::bootWeb(Object(Config\Paths))
10 SYSTEMPATH\rewrite.php(44): require_once('C:\\xampp\\htdocs\\projek-spp\\public\\index.php')
CRITICAL - 2024-08-14 09:19:56 --> CodeIgniter\View\Exceptions\ViewException: Invalid file: "datasiswaview.php"
[Method: GET, Route: datasiswaview]
in SYSTEMPATH\Exceptions\FrameworkException.php on line 41.
 1 SYSTEMPATH\View\View.php(222): CodeIgniter\Exceptions\FrameworkException::forInvalidFile('datasiswaview.php')
 2 SYSTEMPATH\Common.php(1169): CodeIgniter\View\View->render('datasiswaview', [], true)
 3 APPPATH\Controllers\DatasiswaView.php(11): view('datasiswaview', [...])
 4 SYSTEMPATH\CodeIgniter.php(933): App\Controllers\DatasiswaView->index()
 5 SYSTEMPATH\CodeIgniter.php(509): CodeIgniter\CodeIgniter->runController(Object(App\Controllers\DatasiswaView))
 6 SYSTEMPATH\CodeIgniter.php(355): CodeIgniter\CodeIgniter->handleRequest(null, Object(Config\Cache), false)
 7 SYSTEMPATH\Boot.php(325): CodeIgniter\CodeIgniter->run()
 8 SYSTEMPATH\Boot.php(67): CodeIgniter\Boot::runCodeIgniter(Object(CodeIgniter\CodeIgniter))
 9 FCPATH\index.php(56): CodeIgniter\Boot::bootWeb(Object(Config\Paths))
10 SYSTEMPATH\rewrite.php(44): require_once('C:\\xampp\\htdocs\\projek-spp\\public\\index.php')
CRITICAL - 2024-08-14 09:20:35 --> CodeIgniter\View\Exceptions\ViewException: Invalid file: "datasiswaview.php"
[Method: GET, Route: datasiswaview]
in SYSTEMPATH\Exceptions\FrameworkException.php on line 41.
 1 SYSTEMPATH\View\View.php(222): CodeIgniter\Exceptions\FrameworkException::forInvalidFile('datasiswaview.php')
 2 SYSTEMPATH\Common.php(1169): CodeIgniter\View\View->render('datasiswaview', [], true)
 3 APPPATH\Controllers\DatasiswaView.php(11): view('datasiswaview', [...])
 4 SYSTEMPATH\CodeIgniter.php(933): App\Controllers\DatasiswaView->index()
 5 SYSTEMPATH\CodeIgniter.php(509): CodeIgniter\CodeIgniter->runController(Object(App\Controllers\DatasiswaView))
 6 SYSTEMPATH\CodeIgniter.php(355): CodeIgniter\CodeIgniter->handleRequest(null, Object(Config\Cache), false)
 7 SYSTEMPATH\Boot.php(325): CodeIgniter\CodeIgniter->run()
 8 SYSTEMPATH\Boot.php(67): CodeIgniter\Boot::runCodeIgniter(Object(CodeIgniter\CodeIgniter))
 9 FCPATH\index.php(56): CodeIgniter\Boot::bootWeb(Object(Config\Paths))
10 SYSTEMPATH\rewrite.php(44): require_once('C:\\xampp\\htdocs\\projek-spp\\public\\index.php')
CRITICAL - 2024-08-14 09:20:36 --> CodeIgniter\View\Exceptions\ViewException: Invalid file: "datasiswaview.php"
[Method: GET, Route: datasiswaview]
in SYSTEMPATH\Exceptions\FrameworkException.php on line 41.
 1 SYSTEMPATH\View\View.php(222): CodeIgniter\Exceptions\FrameworkException::forInvalidFile('datasiswaview.php')
 2 SYSTEMPATH\Common.php(1169): CodeIgniter\View\View->render('datasiswaview', [], true)
 3 APPPATH\Controllers\DatasiswaView.php(11): view('datasiswaview', [...])
 4 SYSTEMPATH\CodeIgniter.php(933): App\Controllers\DatasiswaView->index()
 5 SYSTEMPATH\CodeIgniter.php(509): CodeIgniter\CodeIgniter->runController(Object(App\Controllers\DatasiswaView))
 6 SYSTEMPATH\CodeIgniter.php(355): CodeIgniter\CodeIgniter->handleRequest(null, Object(Config\Cache), false)
 7 SYSTEMPATH\Boot.php(325): CodeIgniter\CodeIgniter->run()
 8 SYSTEMPATH\Boot.php(67): CodeIgniter\Boot::runCodeIgniter(Object(CodeIgniter\CodeIgniter))
 9 FCPATH\index.php(56): CodeIgniter\Boot::bootWeb(Object(Config\Paths))
10 SYSTEMPATH\rewrite.php(44): require_once('C:\\xampp\\htdocs\\projek-spp\\public\\index.php')
CRITICAL - 2024-08-14 09:20:37 --> CodeIgniter\View\Exceptions\ViewException: Invalid file: "datasiswaview.php"
[Method: GET, Route: datasiswaview]
in SYSTEMPATH\Exceptions\FrameworkException.php on line 41.
 1 SYSTEMPATH\View\View.php(222): CodeIgniter\Exceptions\FrameworkException::forInvalidFile('datasiswaview.php')
 2 SYSTEMPATH\Common.php(1169): CodeIgniter\View\View->render('datasiswaview', [], true)
 3 APPPATH\Controllers\DatasiswaView.php(11): view('datasiswaview', [...])
 4 SYSTEMPATH\CodeIgniter.php(933): App\Controllers\DatasiswaView->index()
 5 SYSTEMPATH\CodeIgniter.php(509): CodeIgniter\CodeIgniter->runController(Object(App\Controllers\DatasiswaView))
 6 SYSTEMPATH\CodeIgniter.php(355): CodeIgniter\CodeIgniter->handleRequest(null, Object(Config\Cache), false)
 7 SYSTEMPATH\Boot.php(325): CodeIgniter\CodeIgniter->run()
 8 SYSTEMPATH\Boot.php(67): CodeIgniter\Boot::runCodeIgniter(Object(CodeIgniter\CodeIgniter))
 9 FCPATH\index.php(56): CodeIgniter\Boot::bootWeb(Object(Config\Paths))
10 SYSTEMPATH\rewrite.php(44): require_once('C:\\xampp\\htdocs\\projek-spp\\public\\index.php')
CRITICAL - 2024-08-14 09:22:40 --> ErrorException: include(koneksi.php): Failed to open stream: No such file or directory
[Method: GET, Route: Admin/datasiswa]
in APPPATH\Views\Admin\datasiswa.php on line 3.
 1 APPPATH\Views\Admin\datasiswa.php(3): CodeIgniter\Debug\Exceptions->errorHandler(2, 'include(koneksi.php): Failed to open stream: No such file or directory', 'C:\\xampp\\htdocs\\projek-spp\\app\\Views\\Admin\\datasiswa.php', 3)
 2 APPPATH\Views\Admin\datasiswa.php(3): include()
 3 SYSTEMPATH\View\View.php(234): include('C:\\xampp\\htdocs\\projek-spp\\app\\Views\\Admin\\datasiswa.php')
 4 SYSTEMPATH\View\View.php(237): CodeIgniter\View\View->CodeIgniter\View\{closure}()
 5 SYSTEMPATH\Common.php(1169): CodeIgniter\View\View->render('Admin/datasiswa', [], true)
 6 APPPATH\Controllers\Datasiswa.php(11): view('Admin/datasiswa', [...])
 7 SYSTEMPATH\CodeIgniter.php(933): App\Controllers\Datasiswa->index()
 8 SYSTEMPATH\CodeIgniter.php(509): CodeIgniter\CodeIgniter->runController(Object(App\Controllers\Datasiswa))
 9 SYSTEMPATH\CodeIgniter.php(355): CodeIgniter\CodeIgniter->handleRequest(null, Object(Config\Cache), false)
10 SYSTEMPATH\Boot.php(325): CodeIgniter\CodeIgniter->run()
11 SYSTEMPATH\Boot.php(67): CodeIgniter\Boot::runCodeIgniter(Object(CodeIgniter\CodeIgniter))
12 FCPATH\index.php(56): CodeIgniter\Boot::bootWeb(Object(Config\Paths))
13 SYSTEMPATH\rewrite.php(44): require_once('C:\\xampp\\htdocs\\projek-spp\\public\\index.php')
CRITICAL - 2024-08-14 09:23:43 --> ErrorException: include(koneksi.php): Failed to open stream: No such file or directory
[Method: GET, Route: Admin/datasiswaview]
in APPPATH\Views\Admin\datasiswaview.php on line 3.
 1 APPPATH\Views\Admin\datasiswaview.php(3): CodeIgniter\Debug\Exceptions->errorHandler(2, 'include(koneksi.php): Failed to open stream: No such file or directory', 'C:\\xampp\\htdocs\\projek-spp\\app\\Views\\Admin\\datasiswaview.php', 3)
 2 APPPATH\Views\Admin\datasiswaview.php(3): include()
 3 SYSTEMPATH\View\View.php(234): include('C:\\xampp\\htdocs\\projek-spp\\app\\Views\\Admin\\datasiswaview.php')
 4 SYSTEMPATH\View\View.php(237): CodeIgniter\View\View->CodeIgniter\View\{closure}()
 5 SYSTEMPATH\Common.php(1169): CodeIgniter\View\View->render('Admin/datasiswaview', [], true)
 6 APPPATH\Controllers\DatasiswaView.php(11): view('Admin/datasiswaview', [...])
 7 SYSTEMPATH\CodeIgniter.php(933): App\Controllers\DatasiswaView->index()
 8 SYSTEMPATH\CodeIgniter.php(509): CodeIgniter\CodeIgniter->runController(Object(App\Controllers\DatasiswaView))
 9 SYSTEMPATH\CodeIgniter.php(355): CodeIgniter\CodeIgniter->handleRequest(null, Object(Config\Cache), false)
10 SYSTEMPATH\Boot.php(325): CodeIgniter\CodeIgniter->run()
11 SYSTEMPATH\Boot.php(67): CodeIgniter\Boot::runCodeIgniter(Object(CodeIgniter\CodeIgniter))
12 FCPATH\index.php(56): CodeIgniter\Boot::bootWeb(Object(Config\Paths))
13 SYSTEMPATH\rewrite.php(44): require_once('C:\\xampp\\htdocs\\projek-spp\\public\\index.php')
CRITICAL - 2024-08-14 09:26:08 --> CodeIgniter\View\Exceptions\ViewException: Invalid file: "home.php"
[Method: GET, Route: /]
in SYSTEMPATH\Exceptions\FrameworkException.php on line 41.
 1 SYSTEMPATH\View\View.php(222): CodeIgniter\Exceptions\FrameworkException::forInvalidFile('home.php')
 2 SYSTEMPATH\Common.php(1169): CodeIgniter\View\View->render('home', [], true)
 3 APPPATH\Controllers\Home.php(9): view('home')
 4 SYSTEMPATH\CodeIgniter.php(933): App\Controllers\Home->index()
 5 SYSTEMPATH\CodeIgniter.php(509): CodeIgniter\CodeIgniter->runController(Object(App\Controllers\Home))
 6 SYSTEMPATH\CodeIgniter.php(355): CodeIgniter\CodeIgniter->handleRequest(null, Object(Config\Cache), false)
 7 SYSTEMPATH\Boot.php(325): CodeIgniter\CodeIgniter->run()
 8 SYSTEMPATH\Boot.php(67): CodeIgniter\Boot::runCodeIgniter(Object(CodeIgniter\CodeIgniter))
 9 FCPATH\index.php(56): CodeIgniter\Boot::bootWeb(Object(Config\Paths))
10 SYSTEMPATH\rewrite.php(44): require_once('C:\\xampp\\htdocs\\projek-spp\\public\\index.php')
CRITICAL - 2024-08-14 10:48:13 --> Error: Call to undefined function form_open()
[Method: GET, Route: /]
in APPPATH\Views\login.php on line 39.
 1 SYSTEMPATH\View\View.php(234): include()
 2 SYSTEMPATH\View\View.php(237): CodeIgniter\View\View->CodeIgniter\View\{closure}()
 3 SYSTEMPATH\Common.php(1169): CodeIgniter\View\View->render('login', [], true)
 4 APPPATH\Controllers\Login.php(9): view('login')
 5 SYSTEMPATH\CodeIgniter.php(933): App\Controllers\Login->index()
 6 SYSTEMPATH\CodeIgniter.php(509): CodeIgniter\CodeIgniter->runController(Object(App\Controllers\Login))
 7 SYSTEMPATH\CodeIgniter.php(355): CodeIgniter\CodeIgniter->handleRequest(null, Object(Config\Cache), false)
 8 SYSTEMPATH\Boot.php(325): CodeIgniter\CodeIgniter->run()
 9 SYSTEMPATH\Boot.php(67): CodeIgniter\Boot::runCodeIgniter(Object(CodeIgniter\CodeIgniter))
10 FCPATH\index.php(56): CodeIgniter\Boot::bootWeb(Object(Config\Paths))
11 SYSTEMPATH\rewrite.php(44): require_once('C:\\xampp\\htdocs\\projek-spp\\public\\index.php')
CRITICAL - 2024-08-14 10:48:51 --> Error: Call to undefined function form_open()
[Method: GET, Route: /]
in APPPATH\Views\login.php on line 39.
 1 SYSTEMPATH\View\View.php(234): include()
 2 SYSTEMPATH\View\View.php(237): CodeIgniter\View\View->CodeIgniter\View\{closure}()
 3 SYSTEMPATH\Common.php(1169): CodeIgniter\View\View->render('login', [], true)
 4 APPPATH\Controllers\Login.php(9): view('login')
 5 SYSTEMPATH\CodeIgniter.php(933): App\Controllers\Login->index()
 6 SYSTEMPATH\CodeIgniter.php(509): CodeIgniter\CodeIgniter->runController(Object(App\Controllers\Login))
 7 SYSTEMPATH\CodeIgniter.php(355): CodeIgniter\CodeIgniter->handleRequest(null, Object(Config\Cache), false)
 8 SYSTEMPATH\Boot.php(325): CodeIgniter\CodeIgniter->run()
 9 SYSTEMPATH\Boot.php(67): CodeIgniter\Boot::runCodeIgniter(Object(CodeIgniter\CodeIgniter))
10 FCPATH\index.php(56): CodeIgniter\Boot::bootWeb(Object(Config\Paths))
11 SYSTEMPATH\rewrite.php(44): require_once('C:\\xampp\\htdocs\\projek-spp\\public\\index.php')
CRITICAL - 2024-08-14 10:48:53 --> Error: Call to undefined function form_open()
[Method: GET, Route: /]
in APPPATH\Views\login.php on line 39.
 1 SYSTEMPATH\View\View.php(234): include()
 2 SYSTEMPATH\View\View.php(237): CodeIgniter\View\View->CodeIgniter\View\{closure}()
 3 SYSTEMPATH\Common.php(1169): CodeIgniter\View\View->render('login', [], true)
 4 APPPATH\Controllers\Login.php(9): view('login')
 5 SYSTEMPATH\CodeIgniter.php(933): App\Controllers\Login->index()
 6 SYSTEMPATH\CodeIgniter.php(509): CodeIgniter\CodeIgniter->runController(Object(App\Controllers\Login))
 7 SYSTEMPATH\CodeIgniter.php(355): CodeIgniter\CodeIgniter->handleRequest(null, Object(Config\Cache), false)
 8 SYSTEMPATH\Boot.php(325): CodeIgniter\CodeIgniter->run()
 9 SYSTEMPATH\Boot.php(67): CodeIgniter\Boot::runCodeIgniter(Object(CodeIgniter\CodeIgniter))
10 FCPATH\index.php(56): CodeIgniter\Boot::bootWeb(Object(Config\Paths))
11 SYSTEMPATH\rewrite.php(44): require_once('C:\\xampp\\htdocs\\projek-spp\\public\\index.php')
CRITICAL - 2024-08-14 10:49:23 --> Error: Call to undefined function form_open()
[Method: GET, Route: /]
in APPPATH\Views\login.php on line 39.
 1 SYSTEMPATH\View\View.php(234): include()
 2 SYSTEMPATH\View\View.php(237): CodeIgniter\View\View->CodeIgniter\View\{closure}()
 3 SYSTEMPATH\Common.php(1169): CodeIgniter\View\View->render('login', [], true)
 4 APPPATH\Controllers\Login.php(9): view('login')
 5 SYSTEMPATH\CodeIgniter.php(933): App\Controllers\Login->index()
 6 SYSTEMPATH\CodeIgniter.php(509): CodeIgniter\CodeIgniter->runController(Object(App\Controllers\Login))
 7 SYSTEMPATH\CodeIgniter.php(355): CodeIgniter\CodeIgniter->handleRequest(null, Object(Config\Cache), false)
 8 SYSTEMPATH\Boot.php(325): CodeIgniter\CodeIgniter->run()
 9 SYSTEMPATH\Boot.php(67): CodeIgniter\Boot::runCodeIgniter(Object(CodeIgniter\CodeIgniter))
10 FCPATH\index.php(56): CodeIgniter\Boot::bootWeb(Object(Config\Paths))
11 SYSTEMPATH\rewrite.php(44): require_once('C:\\xampp\\htdocs\\projek-spp\\public\\index.php')
CRITICAL - 2024-08-14 10:49:26 --> Error: Call to undefined function form_open()
[Method: GET, Route: /]
in APPPATH\Views\login.php on line 39.
 1 SYSTEMPATH\View\View.php(234): include()
 2 SYSTEMPATH\View\View.php(237): CodeIgniter\View\View->CodeIgniter\View\{closure}()
 3 SYSTEMPATH\Common.php(1169): CodeIgniter\View\View->render('login', [], true)
 4 APPPATH\Controllers\Login.php(9): view('login')
 5 SYSTEMPATH\CodeIgniter.php(933): App\Controllers\Login->index()
 6 SYSTEMPATH\CodeIgniter.php(509): CodeIgniter\CodeIgniter->runController(Object(App\Controllers\Login))
 7 SYSTEMPATH\CodeIgniter.php(355): CodeIgniter\CodeIgniter->handleRequest(null, Object(Config\Cache), false)
 8 SYSTEMPATH\Boot.php(325): CodeIgniter\CodeIgniter->run()
 9 SYSTEMPATH\Boot.php(67): CodeIgniter\Boot::runCodeIgniter(Object(CodeIgniter\CodeIgniter))
10 FCPATH\index.php(56): CodeIgniter\Boot::bootWeb(Object(Config\Paths))
11 SYSTEMPATH\rewrite.php(44): require_once('C:\\xampp\\htdocs\\projek-spp\\public\\index.php')
CRITICAL - 2024-08-14 10:51:55 --> Error: Call to undefined function form_open()
[Method: GET, Route: /]
in APPPATH\Views\login.php on line 25.
 1 SYSTEMPATH\View\View.php(234): include()
 2 SYSTEMPATH\View\View.php(237): CodeIgniter\View\View->CodeIgniter\View\{closure}()
 3 SYSTEMPATH\Common.php(1169): CodeIgniter\View\View->render('login', [], true)
 4 APPPATH\Controllers\Login.php(9): view('login')
 5 SYSTEMPATH\CodeIgniter.php(933): App\Controllers\Login->index()
 6 SYSTEMPATH\CodeIgniter.php(509): CodeIgniter\CodeIgniter->runController(Object(App\Controllers\Login))
 7 SYSTEMPATH\CodeIgniter.php(355): CodeIgniter\CodeIgniter->handleRequest(null, Object(Config\Cache), false)
 8 SYSTEMPATH\Boot.php(325): CodeIgniter\CodeIgniter->run()
 9 SYSTEMPATH\Boot.php(67): CodeIgniter\Boot::runCodeIgniter(Object(CodeIgniter\CodeIgniter))
10 FCPATH\index.php(56): CodeIgniter\Boot::bootWeb(Object(Config\Paths))
11 SYSTEMPATH\rewrite.php(44): require_once('C:\\xampp\\htdocs\\projek-spp\\public\\index.php')
CRITICAL - 2024-08-14 10:55:06 --> Error: Call to undefined function form_open()
[Method: GET, Route: /]
in APPPATH\Views\login.php on line 25.
 1 SYSTEMPATH\View\View.php(234): include()
 2 SYSTEMPATH\View\View.php(237): CodeIgniter\View\View->CodeIgniter\View\{closure}()
 3 SYSTEMPATH\Common.php(1169): CodeIgniter\View\View->render('login', [], true)
 4 APPPATH\Controllers\Login.php(9): view('login')
 5 SYSTEMPATH\CodeIgniter.php(933): App\Controllers\Login->index()
 6 SYSTEMPATH\CodeIgniter.php(509): CodeIgniter\CodeIgniter->runController(Object(App\Controllers\Login))
 7 SYSTEMPATH\CodeIgniter.php(355): CodeIgniter\CodeIgniter->handleRequest(null, Object(Config\Cache), false)
 8 SYSTEMPATH\Boot.php(325): CodeIgniter\CodeIgniter->run()
 9 SYSTEMPATH\Boot.php(67): CodeIgniter\Boot::runCodeIgniter(Object(CodeIgniter\CodeIgniter))
10 FCPATH\index.php(56): CodeIgniter\Boot::bootWeb(Object(Config\Paths))
11 SYSTEMPATH\rewrite.php(44): require_once('C:\\xampp\\htdocs\\projek-spp\\public\\index.php')
CRITICAL - 2024-08-14 10:55:55 --> Error: Call to undefined function form_open()
[Method: GET, Route: /]
in APPPATH\Views\login.php on line 25.
 1 SYSTEMPATH\View\View.php(234): include()
 2 SYSTEMPATH\View\View.php(237): CodeIgniter\View\View->CodeIgniter\View\{closure}()
 3 SYSTEMPATH\Common.php(1169): CodeIgniter\View\View->render('login', [], true)
 4 APPPATH\Controllers\Login.php(9): view('login')
 5 SYSTEMPATH\CodeIgniter.php(933): App\Controllers\Login->index()
 6 SYSTEMPATH\CodeIgniter.php(509): CodeIgniter\CodeIgniter->runController(Object(App\Controllers\Login))
 7 SYSTEMPATH\CodeIgniter.php(355): CodeIgniter\CodeIgniter->handleRequest(null, Object(Config\Cache), false)
 8 SYSTEMPATH\Boot.php(325): CodeIgniter\CodeIgniter->run()
 9 SYSTEMPATH\Boot.php(67): CodeIgniter\Boot::runCodeIgniter(Object(CodeIgniter\CodeIgniter))
10 FCPATH\index.php(56): CodeIgniter\Boot::bootWeb(Object(Config\Paths))
11 SYSTEMPATH\rewrite.php(44): require_once('C:\\xampp\\htdocs\\projek-spp\\public\\index.php')
CRITICAL - 2024-08-14 11:11:40 --> Error: Call to undefined function form_open()
[Method: GET, Route: /]
in APPPATH\Views\login.php on line 25.
 1 SYSTEMPATH\View\View.php(234): include()
 2 SYSTEMPATH\View\View.php(237): CodeIgniter\View\View->CodeIgniter\View\{closure}()
 3 SYSTEMPATH\Common.php(1169): CodeIgniter\View\View->render('login', [], true)
 4 APPPATH\Controllers\Login.php(9): view('login')
 5 SYSTEMPATH\CodeIgniter.php(933): App\Controllers\Login->index()
 6 SYSTEMPATH\CodeIgniter.php(509): CodeIgniter\CodeIgniter->runController(Object(App\Controllers\Login))
 7 SYSTEMPATH\CodeIgniter.php(355): CodeIgniter\CodeIgniter->handleRequest(null, Object(Config\Cache), false)
 8 SYSTEMPATH\Boot.php(325): CodeIgniter\CodeIgniter->run()
 9 SYSTEMPATH\Boot.php(67): CodeIgniter\Boot::runCodeIgniter(Object(CodeIgniter\CodeIgniter))
10 FCPATH\index.php(56): CodeIgniter\Boot::bootWeb(Object(Config\Paths))
11 SYSTEMPATH\rewrite.php(44): require_once('C:\\xampp\\htdocs\\projek-spp\\public\\index.php')
CRITICAL - 2024-08-14 11:15:42 --> Error: Call to undefined function form_open()
[Method: GET, Route: /]
in APPPATH\Views\login.php on line 25.
 1 SYSTEMPATH\View\View.php(234): include()
 2 SYSTEMPATH\View\View.php(237): CodeIgniter\View\View->CodeIgniter\View\{closure}()
 3 SYSTEMPATH\Common.php(1169): CodeIgniter\View\View->render('login', [], true)
 4 APPPATH\Controllers\Login.php(9): view('login')
 5 SYSTEMPATH\CodeIgniter.php(933): App\Controllers\Login->index()
 6 SYSTEMPATH\CodeIgniter.php(509): CodeIgniter\CodeIgniter->runController(Object(App\Controllers\Login))
 7 SYSTEMPATH\CodeIgniter.php(355): CodeIgniter\CodeIgniter->handleRequest(null, Object(Config\Cache), false)
 8 SYSTEMPATH\Boot.php(325): CodeIgniter\CodeIgniter->run()
 9 SYSTEMPATH\Boot.php(67): CodeIgniter\Boot::runCodeIgniter(Object(CodeIgniter\CodeIgniter))
10 FCPATH\index.php(56): CodeIgniter\Boot::bootWeb(Object(Config\Paths))
11 SYSTEMPATH\rewrite.php(44): require_once('C:\\xampp\\htdocs\\projek-spp\\public\\index.php')
