CRITICAL - 2024-08-10 12:26:59 --> CodeIgniter\HTTP\Exceptions\BadRequestException: The URI you submitted has disallowed characters: "dataTables.bootstrap4.min.js');"
[Method: GET, Route: vendor/datatables/dataTables.bootstrap4.min.js%27%29;]
in SYSTEMPATH\Router\Router.php on line 737.
 1 SYSTEMPATH\Router\Router.php(204): CodeIgniter\Router\Router->checkDisallowedChars('vendor/datatables/dataTables.bootstrap4.min.js\');')
 2 SYSTEMPATH\CodeIgniter.php(834): CodeIgniter\Router\Router->handle('vendor/datatables/dataTables.bootstrap4.min.js\');')
 3 SYSTEMPATH\CodeIgniter.php(457): CodeIgniter\CodeIgniter->tryToRouteIt(Object(CodeIgniter\Router\RouteCollection))
 4 SYSTEMPATH\CodeIgniter.php(355): CodeIgniter\CodeIgniter->handleRequest(null, Object(Config\Cache), false)
 5 SYSTEMPATH\Boot.php(325): CodeIgniter\CodeIgniter->run()
 6 SYSTEMPATH\Boot.php(67): CodeIgniter\Boot::runCodeIgniter(Object(CodeIgniter\CodeIgniter))
 7 FCPATH\index.php(56): CodeIgniter\Boot::bootWeb(Object(Config\Paths))
 8 SYSTEMPATH\rewrite.php(44): require_once('C:\\xampp\\htdocs\\projek-spp\\public\\index.php')
CRITICAL - 2024-08-10 13:03:17 --> CodeIgniter\View\Exceptions\ViewException: Invalid file: "datasiswa/create.php"
[Method: GET, Route: datasiswa/create]
in SYSTEMPATH\Exceptions\FrameworkException.php on line 41.
 1 SYSTEMPATH\View\View.php(222): CodeIgniter\Exceptions\FrameworkException::forInvalidFile('datasiswa/create.php')
 2 SYSTEMPATH\Common.php(1169): CodeIgniter\View\View->render('datasiswa/create', [], true)
 3 APPPATH\Controllers\Datasiswa.php(24): view('datasiswa/create')
 4 SYSTEMPATH\CodeIgniter.php(933): App\Controllers\Datasiswa->create()
 5 SYSTEMPATH\CodeIgniter.php(509): CodeIgniter\CodeIgniter->runController(Object(App\Controllers\Datasiswa))
 6 SYSTEMPATH\CodeIgniter.php(355): CodeIgniter\CodeIgniter->handleRequest(null, Object(Config\Cache), false)
 7 SYSTEMPATH\Boot.php(325): CodeIgniter\CodeIgniter->run()
 8 SYSTEMPATH\Boot.php(67): CodeIgniter\Boot::runCodeIgniter(Object(CodeIgniter\CodeIgniter))
 9 FCPATH\index.php(56): CodeIgniter\Boot::bootWeb(Object(Config\Paths))
10 SYSTEMPATH\rewrite.php(44): require_once('C:\\xampp\\htdocs\\projek-spp\\public\\index.php')
CRITICAL - 2024-08-10 13:08:43 --> ErrorException: Undefined variable $siswa
[Method: GET, Route: edit]
in APPPATH\Views\edit.php on line 15.
 1 APPPATH\Views\edit.php(15): CodeIgniter\Debug\Exceptions->errorHandler(2, 'Undefined variable $siswa', 'C:\\xampp\\htdocs\\projek-spp\\app\\Views\\edit.php', 15)
 2 SYSTEMPATH\View\View.php(234): include('C:\\xampp\\htdocs\\projek-spp\\app\\Views\\edit.php')
 3 SYSTEMPATH\View\View.php(237): CodeIgniter\View\View->CodeIgniter\View\{closure}()
 4 SYSTEMPATH\Common.php(1169): CodeIgniter\View\View->render('edit', [], true)
 5 APPPATH\Controllers\Edit.php(9): view('edit')
 6 SYSTEMPATH\CodeIgniter.php(933): App\Controllers\Edit->index()
 7 SYSTEMPATH\CodeIgniter.php(509): CodeIgniter\CodeIgniter->runController(Object(App\Controllers\Edit))
 8 SYSTEMPATH\CodeIgniter.php(355): CodeIgniter\CodeIgniter->handleRequest(null, Object(Config\Cache), false)
 9 SYSTEMPATH\Boot.php(325): CodeIgniter\CodeIgniter->run()
10 SYSTEMPATH\Boot.php(67): CodeIgniter\Boot::runCodeIgniter(Object(CodeIgniter\CodeIgniter))
11 FCPATH\index.php(56): CodeIgniter\Boot::bootWeb(Object(Config\Paths))
12 SYSTEMPATH\rewrite.php(44): require_once('C:\\xampp\\htdocs\\projek-spp\\public\\index.php')
CRITICAL - 2024-08-10 13:08:45 --> ErrorException: Undefined variable $siswa
[Method: GET, Route: edit]
in APPPATH\Views\edit.php on line 15.
 1 APPPATH\Views\edit.php(15): CodeIgniter\Debug\Exceptions->errorHandler(2, 'Undefined variable $siswa', 'C:\\xampp\\htdocs\\projek-spp\\app\\Views\\edit.php', 15)
 2 SYSTEMPATH\View\View.php(234): include('C:\\xampp\\htdocs\\projek-spp\\app\\Views\\edit.php')
 3 SYSTEMPATH\View\View.php(237): CodeIgniter\View\View->CodeIgniter\View\{closure}()
 4 SYSTEMPATH\Common.php(1169): CodeIgniter\View\View->render('edit', [], true)
 5 APPPATH\Controllers\Edit.php(9): view('edit')
 6 SYSTEMPATH\CodeIgniter.php(933): App\Controllers\Edit->index()
 7 SYSTEMPATH\CodeIgniter.php(509): CodeIgniter\CodeIgniter->runController(Object(App\Controllers\Edit))
 8 SYSTEMPATH\CodeIgniter.php(355): CodeIgniter\CodeIgniter->handleRequest(null, Object(Config\Cache), false)
 9 SYSTEMPATH\Boot.php(325): CodeIgniter\CodeIgniter->run()
10 SYSTEMPATH\Boot.php(67): CodeIgniter\Boot::runCodeIgniter(Object(CodeIgniter\CodeIgniter))
11 FCPATH\index.php(56): CodeIgniter\Boot::bootWeb(Object(Config\Paths))
12 SYSTEMPATH\rewrite.php(44): require_once('C:\\xampp\\htdocs\\projek-spp\\public\\index.php')
CRITICAL - 2024-08-10 13:09:11 --> ErrorException: Undefined variable $siswa
[Method: GET, Route: edit]
in APPPATH\Views\edit.php on line 15.
 1 APPPATH\Views\edit.php(15): CodeIgniter\Debug\Exceptions->errorHandler(2, 'Undefined variable $siswa', 'C:\\xampp\\htdocs\\projek-spp\\app\\Views\\edit.php', 15)
 2 SYSTEMPATH\View\View.php(234): include('C:\\xampp\\htdocs\\projek-spp\\app\\Views\\edit.php')
 3 SYSTEMPATH\View\View.php(237): CodeIgniter\View\View->CodeIgniter\View\{closure}()
 4 SYSTEMPATH\Common.php(1169): CodeIgniter\View\View->render('edit', [], true)
 5 APPPATH\Controllers\Edit.php(9): view('edit')
 6 SYSTEMPATH\CodeIgniter.php(933): App\Controllers\Edit->index()
 7 SYSTEMPATH\CodeIgniter.php(509): CodeIgniter\CodeIgniter->runController(Object(App\Controllers\Edit))
 8 SYSTEMPATH\CodeIgniter.php(355): CodeIgniter\CodeIgniter->handleRequest(null, Object(Config\Cache), false)
 9 SYSTEMPATH\Boot.php(325): CodeIgniter\CodeIgniter->run()
10 SYSTEMPATH\Boot.php(67): CodeIgniter\Boot::runCodeIgniter(Object(CodeIgniter\CodeIgniter))
11 FCPATH\index.php(56): CodeIgniter\Boot::bootWeb(Object(Config\Paths))
12 SYSTEMPATH\rewrite.php(44): require_once('C:\\xampp\\htdocs\\projek-spp\\public\\index.php')
CRITICAL - 2024-08-10 13:09:12 --> ErrorException: Undefined variable $siswa
[Method: GET, Route: edit]
in APPPATH\Views\edit.php on line 15.
 1 APPPATH\Views\edit.php(15): CodeIgniter\Debug\Exceptions->errorHandler(2, 'Undefined variable $siswa', 'C:\\xampp\\htdocs\\projek-spp\\app\\Views\\edit.php', 15)
 2 SYSTEMPATH\View\View.php(234): include('C:\\xampp\\htdocs\\projek-spp\\app\\Views\\edit.php')
 3 SYSTEMPATH\View\View.php(237): CodeIgniter\View\View->CodeIgniter\View\{closure}()
 4 SYSTEMPATH\Common.php(1169): CodeIgniter\View\View->render('edit', [], true)
 5 APPPATH\Controllers\Edit.php(9): view('edit')
 6 SYSTEMPATH\CodeIgniter.php(933): App\Controllers\Edit->index()
 7 SYSTEMPATH\CodeIgniter.php(509): CodeIgniter\CodeIgniter->runController(Object(App\Controllers\Edit))
 8 SYSTEMPATH\CodeIgniter.php(355): CodeIgniter\CodeIgniter->handleRequest(null, Object(Config\Cache), false)
 9 SYSTEMPATH\Boot.php(325): CodeIgniter\CodeIgniter->run()
10 SYSTEMPATH\Boot.php(67): CodeIgniter\Boot::runCodeIgniter(Object(CodeIgniter\CodeIgniter))
11 FCPATH\index.php(56): CodeIgniter\Boot::bootWeb(Object(Config\Paths))
12 SYSTEMPATH\rewrite.php(44): require_once('C:\\xampp\\htdocs\\projek-spp\\public\\index.php')
CRITICAL - 2024-08-10 13:09:12 --> ErrorException: Undefined variable $siswa
[Method: GET, Route: edit]
in APPPATH\Views\edit.php on line 15.
 1 APPPATH\Views\edit.php(15): CodeIgniter\Debug\Exceptions->errorHandler(2, 'Undefined variable $siswa', 'C:\\xampp\\htdocs\\projek-spp\\app\\Views\\edit.php', 15)
 2 SYSTEMPATH\View\View.php(234): include('C:\\xampp\\htdocs\\projek-spp\\app\\Views\\edit.php')
 3 SYSTEMPATH\View\View.php(237): CodeIgniter\View\View->CodeIgniter\View\{closure}()
 4 SYSTEMPATH\Common.php(1169): CodeIgniter\View\View->render('edit', [], true)
 5 APPPATH\Controllers\Edit.php(9): view('edit')
 6 SYSTEMPATH\CodeIgniter.php(933): App\Controllers\Edit->index()
 7 SYSTEMPATH\CodeIgniter.php(509): CodeIgniter\CodeIgniter->runController(Object(App\Controllers\Edit))
 8 SYSTEMPATH\CodeIgniter.php(355): CodeIgniter\CodeIgniter->handleRequest(null, Object(Config\Cache), false)
 9 SYSTEMPATH\Boot.php(325): CodeIgniter\CodeIgniter->run()
10 SYSTEMPATH\Boot.php(67): CodeIgniter\Boot::runCodeIgniter(Object(CodeIgniter\CodeIgniter))
11 FCPATH\index.php(56): CodeIgniter\Boot::bootWeb(Object(Config\Paths))
12 SYSTEMPATH\rewrite.php(44): require_once('C:\\xampp\\htdocs\\projek-spp\\public\\index.php')
CRITICAL - 2024-08-10 13:09:13 --> ErrorException: Undefined variable $siswa
[Method: GET, Route: edit]
in APPPATH\Views\edit.php on line 15.
 1 APPPATH\Views\edit.php(15): CodeIgniter\Debug\Exceptions->errorHandler(2, 'Undefined variable $siswa', 'C:\\xampp\\htdocs\\projek-spp\\app\\Views\\edit.php', 15)
 2 SYSTEMPATH\View\View.php(234): include('C:\\xampp\\htdocs\\projek-spp\\app\\Views\\edit.php')
 3 SYSTEMPATH\View\View.php(237): CodeIgniter\View\View->CodeIgniter\View\{closure}()
 4 SYSTEMPATH\Common.php(1169): CodeIgniter\View\View->render('edit', [], true)
 5 APPPATH\Controllers\Edit.php(9): view('edit')
 6 SYSTEMPATH\CodeIgniter.php(933): App\Controllers\Edit->index()
 7 SYSTEMPATH\CodeIgniter.php(509): CodeIgniter\CodeIgniter->runController(Object(App\Controllers\Edit))
 8 SYSTEMPATH\CodeIgniter.php(355): CodeIgniter\CodeIgniter->handleRequest(null, Object(Config\Cache), false)
 9 SYSTEMPATH\Boot.php(325): CodeIgniter\CodeIgniter->run()
10 SYSTEMPATH\Boot.php(67): CodeIgniter\Boot::runCodeIgniter(Object(CodeIgniter\CodeIgniter))
11 FCPATH\index.php(56): CodeIgniter\Boot::bootWeb(Object(Config\Paths))
12 SYSTEMPATH\rewrite.php(44): require_once('C:\\xampp\\htdocs\\projek-spp\\public\\index.php')
CRITICAL - 2024-08-10 13:09:13 --> ErrorException: Undefined variable $siswa
[Method: GET, Route: edit]
in APPPATH\Views\edit.php on line 15.
 1 APPPATH\Views\edit.php(15): CodeIgniter\Debug\Exceptions->errorHandler(2, 'Undefined variable $siswa', 'C:\\xampp\\htdocs\\projek-spp\\app\\Views\\edit.php', 15)
 2 SYSTEMPATH\View\View.php(234): include('C:\\xampp\\htdocs\\projek-spp\\app\\Views\\edit.php')
 3 SYSTEMPATH\View\View.php(237): CodeIgniter\View\View->CodeIgniter\View\{closure}()
 4 SYSTEMPATH\Common.php(1169): CodeIgniter\View\View->render('edit', [], true)
 5 APPPATH\Controllers\Edit.php(9): view('edit')
 6 SYSTEMPATH\CodeIgniter.php(933): App\Controllers\Edit->index()
 7 SYSTEMPATH\CodeIgniter.php(509): CodeIgniter\CodeIgniter->runController(Object(App\Controllers\Edit))
 8 SYSTEMPATH\CodeIgniter.php(355): CodeIgniter\CodeIgniter->handleRequest(null, Object(Config\Cache), false)
 9 SYSTEMPATH\Boot.php(325): CodeIgniter\CodeIgniter->run()
10 SYSTEMPATH\Boot.php(67): CodeIgniter\Boot::runCodeIgniter(Object(CodeIgniter\CodeIgniter))
11 FCPATH\index.php(56): CodeIgniter\Boot::bootWeb(Object(Config\Paths))
12 SYSTEMPATH\rewrite.php(44): require_once('C:\\xampp\\htdocs\\projek-spp\\public\\index.php')
CRITICAL - 2024-08-10 13:09:55 --> ErrorException: Undefined variable $siswa
[Method: GET, Route: edit]
in APPPATH\Views\edit.php on line 18.
 1 APPPATH\Views\edit.php(18): CodeIgniter\Debug\Exceptions->errorHandler(2, 'Undefined variable $siswa', 'C:\\xampp\\htdocs\\projek-spp\\app\\Views\\edit.php', 18)
 2 SYSTEMPATH\View\View.php(234): include('C:\\xampp\\htdocs\\projek-spp\\app\\Views\\edit.php')
 3 SYSTEMPATH\View\View.php(237): CodeIgniter\View\View->CodeIgniter\View\{closure}()
 4 SYSTEMPATH\Common.php(1169): CodeIgniter\View\View->render('edit', [], true)
 5 APPPATH\Controllers\Edit.php(9): view('edit')
 6 SYSTEMPATH\CodeIgniter.php(933): App\Controllers\Edit->index()
 7 SYSTEMPATH\CodeIgniter.php(509): CodeIgniter\CodeIgniter->runController(Object(App\Controllers\Edit))
 8 SYSTEMPATH\CodeIgniter.php(355): CodeIgniter\CodeIgniter->handleRequest(null, Object(Config\Cache), false)
 9 SYSTEMPATH\Boot.php(325): CodeIgniter\CodeIgniter->run()
10 SYSTEMPATH\Boot.php(67): CodeIgniter\Boot::runCodeIgniter(Object(CodeIgniter\CodeIgniter))
11 FCPATH\index.php(56): CodeIgniter\Boot::bootWeb(Object(Config\Paths))
12 SYSTEMPATH\rewrite.php(44): require_once('C:\\xampp\\htdocs\\projek-spp\\public\\index.php')
CRITICAL - 2024-08-10 13:11:51 --> ErrorException: Undefined variable $siswa
[Method: GET, Route: edit]
in APPPATH\Views\edit.php on line 18.
 1 APPPATH\Views\edit.php(18): CodeIgniter\Debug\Exceptions->errorHandler(2, 'Undefined variable $siswa', 'C:\\xampp\\htdocs\\projek-spp\\app\\Views\\edit.php', 18)
 2 SYSTEMPATH\View\View.php(234): include('C:\\xampp\\htdocs\\projek-spp\\app\\Views\\edit.php')
 3 SYSTEMPATH\View\View.php(237): CodeIgniter\View\View->CodeIgniter\View\{closure}()
 4 SYSTEMPATH\Common.php(1169): CodeIgniter\View\View->render('edit', [], true)
 5 APPPATH\Controllers\Edit.php(9): view('edit')
 6 SYSTEMPATH\CodeIgniter.php(933): App\Controllers\Edit->index()
 7 SYSTEMPATH\CodeIgniter.php(509): CodeIgniter\CodeIgniter->runController(Object(App\Controllers\Edit))
 8 SYSTEMPATH\CodeIgniter.php(355): CodeIgniter\CodeIgniter->handleRequest(null, Object(Config\Cache), false)
 9 SYSTEMPATH\Boot.php(325): CodeIgniter\CodeIgniter->run()
10 SYSTEMPATH\Boot.php(67): CodeIgniter\Boot::runCodeIgniter(Object(CodeIgniter\CodeIgniter))
11 FCPATH\index.php(56): CodeIgniter\Boot::bootWeb(Object(Config\Paths))
12 SYSTEMPATH\rewrite.php(44): require_once('C:\\xampp\\htdocs\\projek-spp\\public\\index.php')
CRITICAL - 2024-08-10 13:14:05 --> ErrorException: Undefined variable $siswa
[Method: GET, Route: edit]
in APPPATH\Views\edit.php on line 18.
 1 APPPATH\Views\edit.php(18): CodeIgniter\Debug\Exceptions->errorHandler(2, 'Undefined variable $siswa', 'C:\\xampp\\htdocs\\projek-spp\\app\\Views\\edit.php', 18)
 2 SYSTEMPATH\View\View.php(234): include('C:\\xampp\\htdocs\\projek-spp\\app\\Views\\edit.php')
 3 SYSTEMPATH\View\View.php(237): CodeIgniter\View\View->CodeIgniter\View\{closure}()
 4 SYSTEMPATH\Common.php(1169): CodeIgniter\View\View->render('edit', [], true)
 5 APPPATH\Controllers\Edit.php(9): view('edit')
 6 SYSTEMPATH\CodeIgniter.php(933): App\Controllers\Edit->index()
 7 SYSTEMPATH\CodeIgniter.php(509): CodeIgniter\CodeIgniter->runController(Object(App\Controllers\Edit))
 8 SYSTEMPATH\CodeIgniter.php(355): CodeIgniter\CodeIgniter->handleRequest(null, Object(Config\Cache), false)
 9 SYSTEMPATH\Boot.php(325): CodeIgniter\CodeIgniter->run()
10 SYSTEMPATH\Boot.php(67): CodeIgniter\Boot::runCodeIgniter(Object(CodeIgniter\CodeIgniter))
11 FCPATH\index.php(56): CodeIgniter\Boot::bootWeb(Object(Config\Paths))
12 SYSTEMPATH\rewrite.php(44): require_once('C:\\xampp\\htdocs\\projek-spp\\public\\index.php')
